-------------------------------------------------------------------------------
Test set: com.mailorderpharma.drugservice.controller.test.DrugControllerTest
-------------------------------------------------------------------------------
Tests run: 5, Failures: 1, Errors: 0, Skipped: 0, Time elapsed: 27.084 s <<< FAILURE! - in com.mailorderpharma.drugservice.controller.test.DrugControllerTest
testgetAllDrugs  Time elapsed: 1.693 s  <<< FAILURE!
org.opentest4j.AssertionFailedError: expected: <[{"drugId":"PR1","drugName":"PARACETAMOL","manufacturer":"Cipla","manufactureDate":"2021-10-21T18:30:00.000+00:00","expiryDate":"2024-11-21T18:30:00.000+00:00","druglocationQuantities":[{"serialId":"1","location":"Chennai","quantity":100},{"serialId":"2","location":"Bangalore","quantity":100},{"serialId":"3","location":"Pune","quantity":100},{"serialId":"4","location":"Hyderabad","quantity":100}]},{"drugId":"CR2","drugName":"CROCIN","manufacturer":"Serum","manufactureDate":"2021-10-21T18:30:00.000+00:00","expiryDate":"2024-11-21T18:30:00.000+00:00","druglocationQuantities":[{"serialId":"5","location":"Chennai","quantity":100},{"serialId":"6","location":"Bangalore","quantity":100},{"serialId":"7","location":"Pune","quantity":100},{"serialId":"8","location":"Hyderabad","quantity":100}]},{"drugId":"PD3","drugName":"PENADOL","manufacturer":"Alkem health Science","manufactureDate":"2021-10-21T18:30:00.000+00:00","expiryDate":"2024-11-21T18:30:00.000+00:00","druglocationQuantities":[{"serialId":"9","location":"Chennai","quantity":100},{"serialId":"10","location":"Bangalore","quantity":100}]}]> but was: <[{"drugId":"PR1","drugName":"PARACETAMOL","manufacturer":"Cipla","manufactureDate":"2020-10-21T18:30:00.000+00:00","expiryDate":"2024-11-21T18:30:00.000+00:00","druglocationQuantities":[{"serialId":"1","location":"Chennai","quantity":100},{"serialId":"2","location":"Bangalore","quantity":100},{"serialId":"3","location":"Pune","quantity":100},{"serialId":"4","location":"Hyderabad","quantity":100}]},{"drugId":"CR2","drugName":"CROCIN","manufacturer":"Serum","manufactureDate":"2020-12-21T18:30:00.000+00:00","expiryDate":"2024-11-21T18:30:00.000+00:00","druglocationQuantities":[{"serialId":"5","location":"Chennai","quantity":100},{"serialId":"6","location":"Bangalore","quantity":100},{"serialId":"7","location":"Pune","quantity":100},{"serialId":"8","location":"Hyderabad","quantity":100}]},{"drugId":"PD3","drugName":"PENADOL","manufacturer":"Alkem health Science","manufactureDate":"2020-09-21T18:30:00.000+00:00","expiryDate":"2024-11-21T18:30:00.000+00:00","druglocationQuantities":[{"serialId":"9","location":"Chennai","quantity":100},{"serialId":"10","location":"Bangalore","quantity":100}]},{"drugId":"PD1","drugName":"PAN D","manufacturer":"Cipla","manufactureDate":"2020-08-20T18:30:00.000+00:00","expiryDate":"2023-10-11T18:30:00.000+00:00","druglocationQuantities":[{"serialId":"11","location":"Pune","quantity":100},{"serialId":"12","location":"Bangalore","quantity":100}]},{"drugId":"ED1","drugName":"ESC D","manufacturer":"Cipla","manufactureDate":"2020-08-20T18:30:00.000+00:00","expiryDate":"2023-10-11T18:30:00.000+00:00","druglocationQuantities":[{"serialId":"13","location":"Pune","quantity":100},{"serialId":"14","location":"Bangalore","quantity":100}]},{"drugId":"AS1","drugName":"ASPIRIN","manufacturer":"Cipla","manufactureDate":"2020-08-20T18:30:00.000+00:00","expiryDate":"2023-10-11T18:30:00.000+00:00","druglocationQuantities":[{"serialId":"15","location":"Pune","quantity":100},{"serialId":"16","location":"Bangalore","quantity":100}]},{"drugId":"DO1","drugName":"DOLO","manufacturer":"Cipla","manufactureDate":"2020-08-20T18:30:00.000+00:00","expiryDate":"2023-10-11T18:30:00.000+00:00","druglocationQuantities":[{"serialId":"43","location":"Pune","quantity":100},{"serialId":"44","location":"Bangalore","quantity":100}]},{"drugId":"EA1","drugName":"ECOSPRIN AV","manufacturer":"Cipla","manufactureDate":"2020-08-20T18:30:00.000+00:00","expiryDate":"2023-10-11T18:30:00.000+00:00","druglocationQuantities":[{"serialId":"17","location":"Pune","quantity":100},{"serialId":"18","location":"Bangalore","quantity":100}]},{"drugId":"CE1","drugName":"CELIN 500","manufacturer":"Cipla","manufactureDate":"2020-08-20T18:30:00.000+00:00","expiryDate":"2023-10-11T18:30:00.000+00:00","druglocationQuantities":[{"serialId":"19","location":"Pune","quantity":100},{"serialId":"20","location":"Bangalore","quantity":100}]},{"drugId":"SU1","drugName":"SUPRADYN","manufacturer":"Cipla","manufactureDate":"2020-08-20T18:30:00.000+00:00","expiryDate":"2023-10-11T18:30:00.000+00:00","druglocationQuantities":[{"serialId":"21","location":"Pune","quantity":100},{"serialId":"22","location":"Bangalore","quantity":100}]},{"drugId":"BE1","drugName":"BECADEXMIN","manufacturer":"Cipla","manufactureDate":"2020-08-20T18:30:00.000+00:00","expiryDate":"2023-10-11T18:30:00.000+00:00","druglocationQuantities":[{"serialId":"23","location":"Pune","quantity":100},{"serialId":"24","location":"Bangalore","quantity":100}]},{"drugId":"EV1","drugName":"EVION 400","manufacturer":"Cipla","manufactureDate":"2020-08-20T18:30:00.000+00:00","expiryDate":"2023-10-11T18:30:00.000+00:00","druglocationQuantities":[{"serialId":"25","location":"Pune","quantity":100},{"serialId":"26","location":"Bangalore","quantity":100}]},{"drugId":"LI1","drugName":"LIMCEE 500","manufacturer":"Cipla","manufactureDate":"2020-08-20T18:30:00.000+00:00","expiryDate":"2023-10-11T18:30:00.000+00:00","druglocationQuantities":[{"serialId":"27","location":"Pune","quantity":100},{"serialId":"28","location":"Bangalore","quantity":100}]},{"drugId":"TE1","drugName":"TELMA 500","manufacturer":"Cipla","manufactureDate":"2020-08-20T18:30:00.000+00:00","expiryDate":"2023-10-11T18:30:00.000+00:00","druglocationQuantities":[{"serialId":"29","location":"Pune","quantity":100},{"serialId":"30","location":"Bangalore","quantity":100}]},{"drugId":"BE2","drugName":"BECASULE","manufacturer":"Cipla","manufactureDate":"2020-08-20T18:30:00.000+00:00","expiryDate":"2023-10-11T18:30:00.000+00:00","druglocationQuantities":[{"serialId":"31","location":"Pune","quantity":100},{"serialId":"32","location":"Bangalore","quantity":100}]},{"drugId":"CO1","drugName":"CORONIL","manufacturer":"Cipla","manufactureDate":"2020-08-20T18:30:00.000+00:00","expiryDate":"2023-10-11T18:30:00.000+00:00","druglocationQuantities":[{"serialId":"33","location":"Pune","quantity":100},{"serialId":"34","location":"Bangalore","quantity":100}]},{"drugId":"NO1","drugName":"NORFLOX TZ","manufacturer":"Cipla","manufactureDate":"2020-08-20T18:30:00.000+00:00","expiryDate":"2023-10-11T18:30:00.000+00:00","druglocationQuantities":[{"serialId":"35","location":"Pune","quantity":100},{"serialId":"36","location":"Bangalore","quantity":100}]},{"drugId":"MO1","drugName":"MORPHINE","manufacturer":"Cipla","manufactureDate":"2020-08-20T18:30:00.000+00:00","expiryDate":"2023-10-11T18:30:00.000+00:00","druglocationQuantities":[{"serialId":"37","location":"Pune","quantity":100},{"serialId":"38","location":"Bangalore","quantity":100}]},{"drugId":"OM1","drugName":"OMNI","manufacturer":"Cipla","manufactureDate":"2020-08-20T18:30:00.000+00:00","expiryDate":"2023-10-11T18:30:00.000+00:00","druglocationQuantities":[{"serialId":"39","location":"Pune","quantity":100},{"serialId":"40","location":"Bangalore","quantity":100}]},{"drugId":"AM1","drugName":"AMLOGARD","manufacturer":"Cipla","manufactureDate":"2020-08-20T18:30:00.000+00:00","expiryDate":"2023-10-11T18:30:00.000+00:00","druglocationQuantities":[{"serialId":"41","location":"Pune","quantity":100},{"serialId":"42","location":"Bangalore","quantity":100}]}]>
	at com.mailorderpharma.drugservice.controller.test.DrugControllerTest.testgetAllDrugs(DrugControllerTest.java:172)

