<?xml version="1.0" encoding="UTF-8"?>
<testsuite xmlns:xsi="http://www.w3.org/2001/XMLSchema-instance" xsi:noNamespaceSchemaLocation="https://maven.apache.org/surefire/maven-surefire-plugin/xsd/surefire-test-report.xsd" name="com.mailorderpharma.drugservice.controller.test.DrugControllerTest" time="27.084" tests="5" errors="0" skipped="0" failures="1">
  <properties>
[...]
</properties>
  <testcase name="testDispatchableDrugStock" classname="com.mailorderpharma.drugservice.controller.test.DrugControllerTest" time="0.52"/>
  <testcase name="testupdateQuantity" classname="com.mailorderpharma.drugservice.controller.test.DrugControllerTest" time="0.036"/>
  <testcase name="testGetDrugByName" classname="com.mailorderpharma.drugservice.controller.test.DrugControllerTest" time="0.561"/>
  <testcase name="testGetDrugById" classname="com.mailorderpharma.drugservice.controller.test.DrugControllerTest" time="0.112"/>
  <testcase name="testgetAllDrugs" classname="com.mailorderpharma.drugservice.controller.test.DrugControllerTest" time="1.693">
    <failure message="expected: &lt;[{&quot;drugId&quot;:&quot;PR1&quot;,&quot;drugName&quot;:&quot;PARACETAMOL&quot;,&quot;manufacturer&quot;:&quot;Cipla&quot;,&quot;manufactureDate&quot;:&quot;2021-10-21T18:30:00.000+00:00&quot;,&quot;expiryDate&quot;:&quot;2024-11-21T18:30:00.000+00:00&quot;,&quot;druglocationQuantities&quot;:[{&quot;serialId&quot;:&quot;1&quot;,&quot;location&quot;:&quot;Chennai&quot;,&quot;quantity&quot;:100},{&quot;serialId&quot;:&quot;2&quot;,&quot;location&quot;:&quot;Bangalore&quot;,&quot;quantity&quot;:100},{&quot;serialId&quot;:&quot;3&quot;,&quot;location&quot;:&quot;Pune&quot;,&quot;quantity&quot;:100},{&quot;serialId&quot;:&quot;4&quot;,&quot;location&quot;:&quot;Hyderabad&quot;,&quot;quantity&quot;:100}]},{&quot;drugId&quot;:&quot;CR2&quot;,&quot;drugName&quot;:&quot;CROCIN&quot;,&quot;manufacturer&quot;:&quot;Serum&quot;,&quot;manufactureDate&quot;:&quot;2021-10-21T18:30:00.000+00:00&quot;,&quot;expiryDate&quot;:&quot;2024-11-21T18:30:00.000+00:00&quot;,&quot;druglocationQuantities&quot;:[{&quot;serialId&quot;:&quot;5&quot;,&quot;location&quot;:&quot;Chennai&quot;,&quot;quantity&quot;:100},{&quot;serialId&quot;:&quot;6&quot;,&quot;location&quot;:&quot;Bangalore&quot;,&quot;quantity&quot;:100},{&quot;serialId&quot;:&quot;7&quot;,&quot;location&quot;:&quot;Pune&quot;,&quot;quantity&quot;:100},{&quot;serialId&quot;:&quot;8&quot;,&quot;location&quot;:&quot;Hyderabad&quot;,&quot;quantity&quot;:100}]},{&quot;drugId&quot;:&quot;PD3&quot;,&quot;drugName&quot;:&quot;PENADOL&quot;,&quot;manufacturer&quot;:&quot;Alkem health Science&quot;,&quot;manufactureDate&quot;:&quot;2021-10-21T18:30:00.000+00:00&quot;,&quot;expiryDate&quot;:&quot;2024-11-21T18:30:00.000+00:00&quot;,&quot;druglocationQuantities&quot;:[{&quot;serialId&quot;:&quot;9&quot;,&quot;location&quot;:&quot;Chennai&quot;,&quot;quantity&quot;:100},{&quot;serialId&quot;:&quot;10&quot;,&quot;location&quot;:&quot;Bangalore&quot;,&quot;quantity&quot;:100}]}]&gt; but was: &lt;[{&quot;drugId&quot;:&quot;PR1&quot;,&quot;drugName&quot;:&quot;PARACETAMOL&quot;,&quot;manufacturer&quot;:&quot;Cipla&quot;,&quot;manufactureDate&quot;:&quot;2020-10-21T18:30:00.000+00:00&quot;,&quot;expiryDate&quot;:&quot;2024-11-21T18:30:00.000+00:00&quot;,&quot;druglocationQuantities&quot;:[{&quot;serialId&quot;:&quot;1&quot;,&quot;location&quot;:&quot;Chennai&quot;,&quot;quantity&quot;:100},{&quot;serialId&quot;:&quot;2&quot;,&quot;location&quot;:&quot;Bangalore&quot;,&quot;quantity&quot;:100},{&quot;serialId&quot;:&quot;3&quot;,&quot;location&quot;:&quot;Pune&quot;,&quot;quantity&quot;:100},{&quot;serialId&quot;:&quot;4&quot;,&quot;location&quot;:&quot;Hyderabad&quot;,&quot;quantity&quot;:100}]},{&quot;drugId&quot;:&quot;CR2&quot;,&quot;drugName&quot;:&quot;CROCIN&quot;,&quot;manufacturer&quot;:&quot;Serum&quot;,&quot;manufactureDate&quot;:&quot;2020-12-21T18:30:00.000+00:00&quot;,&quot;expiryDate&quot;:&quot;2024-11-21T18:30:00.000+00:00&quot;,&quot;druglocationQuantities&quot;:[{&quot;serialId&quot;:&quot;5&quot;,&quot;location&quot;:&quot;Chennai&quot;,&quot;quantity&quot;:100},{&quot;serialId&quot;:&quot;6&quot;,&quot;location&quot;:&quot;Bangalore&quot;,&quot;quantity&quot;:100},{&quot;serialId&quot;:&quot;7&quot;,&quot;location&quot;:&quot;Pune&quot;,&quot;quantity&quot;:100},{&quot;serialId&quot;:&quot;8&quot;,&quot;location&quot;:&quot;Hyderabad&quot;,&quot;quantity&quot;:100}]},{&quot;drugId&quot;:&quot;PD3&quot;,&quot;drugName&quot;:&quot;PENADOL&quot;,&quot;manufacturer&quot;:&quot;Alkem health Science&quot;,&quot;manufactureDate&quot;:&quot;2020-09-21T18:30:00.000+00:00&quot;,&quot;expiryDate&quot;:&quot;2024-11-21T18:30:00.000+00:00&quot;,&quot;druglocationQuantities&quot;:[{&quot;serialId&quot;:&quot;9&quot;,&quot;location&quot;:&quot;Chennai&quot;,&quot;quantity&quot;:100},{&quot;serialId&quot;:&quot;10&quot;,&quot;location&quot;:&quot;Bangalore&quot;,&quot;quantity&quot;:100}]},{&quot;drugId&quot;:&quot;PD1&quot;,&quot;drugName&quot;:&quot;PAN D&quot;,&quot;manufacturer&quot;:&quot;Cipla&quot;,&quot;manufactureDate&quot;:&quot;2020-08-20T18:30:00.000+00:00&quot;,&quot;expiryDate&quot;:&quot;2023-10-11T18:30:00.000+00:00&quot;,&quot;druglocationQuantities&quot;:[{&quot;serialId&quot;:&quot;11&quot;,&quot;location&quot;:&quot;Pune&quot;,&quot;quantity&quot;:100},{&quot;serialId&quot;:&quot;12&quot;,&quot;location&quot;:&quot;Bangalore&quot;,&quot;quantity&quot;:100}]},{&quot;drugId&quot;:&quot;ED1&quot;,&quot;drugName&quot;:&quot;ESC D&quot;,&quot;manufacturer&quot;:&quot;Cipla&quot;,&quot;manufactureDate&quot;:&quot;2020-08-20T18:30:00.000+00:00&quot;,&quot;expiryDate&quot;:&quot;2023-10-11T18:30:00.000+00:00&quot;,&quot;druglocationQuantities&quot;:[{&quot;serialId&quot;:&quot;13&quot;,&quot;location&quot;:&quot;Pune&quot;,&quot;quantity&quot;:100},{&quot;serialId&quot;:&quot;14&quot;,&quot;location&quot;:&quot;Bangalore&quot;,&quot;quantity&quot;:100}]},{&quot;drugId&quot;:&quot;AS1&quot;,&quot;drugName&quot;:&quot;ASPIRIN&quot;,&quot;manufacturer&quot;:&quot;Cipla&quot;,&quot;manufactureDate&quot;:&quot;2020-08-20T18:30:00.000+00:00&quot;,&quot;expiryDate&quot;:&quot;2023-10-11T18:30:00.000+00:00&quot;,&quot;druglocationQuantities&quot;:[{&quot;serialId&quot;:&quot;15&quot;,&quot;location&quot;:&quot;Pune&quot;,&quot;quantity&quot;:100},{&quot;serialId&quot;:&quot;16&quot;,&quot;location&quot;:&quot;Bangalore&quot;,&quot;quantity&quot;:100}]},{&quot;drugId&quot;:&quot;DO1&quot;,&quot;drugName&quot;:&quot;DOLO&quot;,&quot;manufacturer&quot;:&quot;Cipla&quot;,&quot;manufactureDate&quot;:&quot;2020-08-20T18:30:00.000+00:00&quot;,&quot;expiryDate&quot;:&quot;2023-10-11T18:30:00.000+00:00&quot;,&quot;druglocationQuantities&quot;:[{&quot;serialId&quot;:&quot;43&quot;,&quot;location&quot;:&quot;Pune&quot;,&quot;quantity&quot;:100},{&quot;serialId&quot;:&quot;44&quot;,&quot;location&quot;:&quot;Bangalore&quot;,&quot;quantity&quot;:100}]},{&quot;drugId&quot;:&quot;EA1&quot;,&quot;drugName&quot;:&quot;ECOSPRIN AV&quot;,&quot;manufacturer&quot;:&quot;Cipla&quot;,&quot;manufactureDate&quot;:&quot;2020-08-20T18:30:00.000+00:00&quot;,&quot;expiryDate&quot;:&quot;2023-10-11T18:30:00.000+00:00&quot;,&quot;druglocationQuantities&quot;:[{&quot;serialId&quot;:&quot;17&quot;,&quot;location&quot;:&quot;Pune&quot;,&quot;quantity&quot;:100},{&quot;serialId&quot;:&quot;18&quot;,&quot;location&quot;:&quot;Bangalore&quot;,&quot;quantity&quot;:100}]},{&quot;drugId&quot;:&quot;CE1&quot;,&quot;drugName&quot;:&quot;CELIN 500&quot;,&quot;manufacturer&quot;:&quot;Cipla&quot;,&quot;manufactureDate&quot;:&quot;2020-08-20T18:30:00.000+00:00&quot;,&quot;expiryDate&quot;:&quot;2023-10-11T18:30:00.000+00:00&quot;,&quot;druglocationQuantities&quot;:[{&quot;serialId&quot;:&quot;19&quot;,&quot;location&quot;:&quot;Pune&quot;,&quot;quantity&quot;:100},{&quot;serialId&quot;:&quot;20&quot;,&quot;location&quot;:&quot;Bangalore&quot;,&quot;quantity&quot;:100}]},{&quot;drugId&quot;:&quot;SU1&quot;,&quot;drugName&quot;:&quot;SUPRADYN&quot;,&quot;manufacturer&quot;:&quot;Cipla&quot;,&quot;manufactureDate&quot;:&quot;2020-08-20T18:30:00.000+00:00&quot;,&quot;expiryDate&quot;:&quot;2023-10-11T18:30:00.000+00:00&quot;,&quot;druglocationQuantities&quot;:[{&quot;serialId&quot;:&quot;21&quot;,&quot;location&quot;:&quot;Pune&quot;,&quot;quantity&quot;:100},{&quot;serialId&quot;:&quot;22&quot;,&quot;location&quot;:&quot;Bangalore&quot;,&quot;quantity&quot;:100}]},{&quot;drugId&quot;:&quot;BE1&quot;,&quot;drugName&quot;:&quot;BECADEXMIN&quot;,&quot;manufacturer&quot;:&quot;Cipla&quot;,&quot;manufactureDate&quot;:&quot;2020-08-20T18:30:00.000+00:00&quot;,&quot;expiryDate&quot;:&quot;2023-10-11T18:30:00.000+00:00&quot;,&quot;druglocationQuantities&quot;:[{&quot;serialId&quot;:&quot;23&quot;,&quot;location&quot;:&quot;Pune&quot;,&quot;quantity&quot;:100},{&quot;serialId&quot;:&quot;24&quot;,&quot;location&quot;:&quot;Bangalore&quot;,&quot;quantity&quot;:100}]},{&quot;drugId&quot;:&quot;EV1&quot;,&quot;drugName&quot;:&quot;EVION 400&quot;,&quot;manufacturer&quot;:&quot;Cipla&quot;,&quot;manufactureDate&quot;:&quot;2020-08-20T18:30:00.000+00:00&quot;,&quot;expiryDate&quot;:&quot;2023-10-11T18:30:00.000+00:00&quot;,&quot;druglocationQuantities&quot;:[{&quot;serialId&quot;:&quot;25&quot;,&quot;location&quot;:&quot;Pune&quot;,&quot;quantity&quot;:100},{&quot;serialId&quot;:&quot;26&quot;,&quot;location&quot;:&quot;Bangalore&quot;,&quot;quantity&quot;:100}]},{&quot;drugId&quot;:&quot;LI1&quot;,&quot;drugName&quot;:&quot;LIMCEE 500&quot;,&quot;manufacturer&quot;:&quot;Cipla&quot;,&quot;manufactureDate&quot;:&quot;2020-08-20T18:30:00.000+00:00&quot;,&quot;expiryDate&quot;:&quot;2023-10-11T18:30:00.000+00:00&quot;,&quot;druglocationQuantities&quot;:[{&quot;serialId&quot;:&quot;27&quot;,&quot;location&quot;:&quot;Pune&quot;,&quot;quantity&quot;:100},{&quot;serialId&quot;:&quot;28&quot;,&quot;location&quot;:&quot;Bangalore&quot;,&quot;quantity&quot;:100}]},{&quot;drugId&quot;:&quot;TE1&quot;,&quot;drugName&quot;:&quot;TELMA 500&quot;,&quot;manufacturer&quot;:&quot;Cipla&quot;,&quot;manufactureDate&quot;:&quot;2020-08-20T18:30:00.000+00:00&quot;,&quot;expiryDate&quot;:&quot;2023-10-11T18:30:00.000+00:00&quot;,&quot;druglocationQuantities&quot;:[{&quot;serialId&quot;:&quot;29&quot;,&quot;location&quot;:&quot;Pune&quot;,&quot;quantity&quot;:100},{&quot;serialId&quot;:&quot;30&quot;,&quot;location&quot;:&quot;Bangalore&quot;,&quot;quantity&quot;:100}]},{&quot;drugId&quot;:&quot;BE2&quot;,&quot;drugName&quot;:&quot;BECASULE&quot;,&quot;manufacturer&quot;:&quot;Cipla&quot;,&quot;manufactureDate&quot;:&quot;2020-08-20T18:30:00.000+00:00&quot;,&quot;expiryDate&quot;:&quot;2023-10-11T18:30:00.000+00:00&quot;,&quot;druglocationQuantities&quot;:[{&quot;serialId&quot;:&quot;31&quot;,&quot;location&quot;:&quot;Pune&quot;,&quot;quantity&quot;:100},{&quot;serialId&quot;:&quot;32&quot;,&quot;location&quot;:&quot;Bangalore&quot;,&quot;quantity&quot;:100}]},{&quot;drugId&quot;:&quot;CO1&quot;,&quot;drugName&quot;:&quot;CORONIL&quot;,&quot;manufacturer&quot;:&quot;Cipla&quot;,&quot;manufactureDate&quot;:&quot;2020-08-20T18:30:00.000+00:00&quot;,&quot;expiryDate&quot;:&quot;2023-10-11T18:30:00.000+00:00&quot;,&quot;druglocationQuantities&quot;:[{&quot;serialId&quot;:&quot;33&quot;,&quot;location&quot;:&quot;Pune&quot;,&quot;quantity&quot;:100},{&quot;serialId&quot;:&quot;34&quot;,&quot;location&quot;:&quot;Bangalore&quot;,&quot;quantity&quot;:100}]},{&quot;drugId&quot;:&quot;NO1&quot;,&quot;drugName&quot;:&quot;NORFLOX TZ&quot;,&quot;manufacturer&quot;:&quot;Cipla&quot;,&quot;manufactureDate&quot;:&quot;2020-08-20T18:30:00.000+00:00&quot;,&quot;expiryDate&quot;:&quot;2023-10-11T18:30:00.000+00:00&quot;,&quot;druglocationQuantities&quot;:[{&quot;serialId&quot;:&quot;35&quot;,&quot;location&quot;:&quot;Pune&quot;,&quot;quantity&quot;:100},{&quot;serialId&quot;:&quot;36&quot;,&quot;location&quot;:&quot;Bangalore&quot;,&quot;quantity&quot;:100}]},{&quot;drugId&quot;:&quot;MO1&quot;,&quot;drugName&quot;:&quot;MORPHINE&quot;,&quot;manufacturer&quot;:&quot;Cipla&quot;,&quot;manufactureDate&quot;:&quot;2020-08-20T18:30:00.000+00:00&quot;,&quot;expiryDate&quot;:&quot;2023-10-11T18:30:00.000+00:00&quot;,&quot;druglocationQuantities&quot;:[{&quot;serialId&quot;:&quot;37&quot;,&quot;location&quot;:&quot;Pune&quot;,&quot;quantity&quot;:100},{&quot;serialId&quot;:&quot;38&quot;,&quot;location&quot;:&quot;Bangalore&quot;,&quot;quantity&quot;:100}]},{&quot;drugId&quot;:&quot;OM1&quot;,&quot;drugName&quot;:&quot;OMNI&quot;,&quot;manufacturer&quot;:&quot;Cipla&quot;,&quot;manufactureDate&quot;:&quot;2020-08-20T18:30:00.000+00:00&quot;,&quot;expiryDate&quot;:&quot;2023-10-11T18:30:00.000+00:00&quot;,&quot;druglocationQuantities&quot;:[{&quot;serialId&quot;:&quot;39&quot;,&quot;location&quot;:&quot;Pune&quot;,&quot;quantity&quot;:100},{&quot;serialId&quot;:&quot;40&quot;,&quot;location&quot;:&quot;Bangalore&quot;,&quot;quantity&quot;:100}]},{&quot;drugId&quot;:&quot;AM1&quot;,&quot;drugName&quot;:&quot;AMLOGARD&quot;,&quot;manufacturer&quot;:&quot;Cipla&quot;,&quot;manufactureDate&quot;:&quot;2020-08-20T18:30:00.000+00:00&quot;,&quot;expiryDate&quot;:&quot;2023-10-11T18:30:00.000+00:00&quot;,&quot;druglocationQuantities&quot;:[{&quot;serialId&quot;:&quot;41&quot;,&quot;location&quot;:&quot;Pune&quot;,&quot;quantity&quot;:100},{&quot;serialId&quot;:&quot;42&quot;,&quot;location&quot;:&quot;Bangalore&quot;,&quot;quantity&quot;:100}]}]&gt;" type="org.opentest4j.AssertionFailedError"><![CDATA[org.opentest4j.AssertionFailedError: expected: <[{"drugId":"PR1","drugName":"PARACETAMOL","manufacturer":"Cipla","manufactureDate":"2021-10-21T18:30:00.000+00:00","expiryDate":"2024-11-21T18:30:00.000+00:00","druglocationQuantities":[{"serialId":"1","location":"Chennai","quantity":100},{"serialId":"2","location":"Bangalore","quantity":100},{"serialId":"3","location":"Pune","quantity":100},{"serialId":"4","location":"Hyderabad","quantity":100}]},{"drugId":"CR2","drugName":"CROCIN","manufacturer":"Serum","manufactureDate":"2021-10-21T18:30:00.000+00:00","expiryDate":"2024-11-21T18:30:00.000+00:00","druglocationQuantities":[{"serialId":"5","location":"Chennai","quantity":100},{"serialId":"6","location":"Bangalore","quantity":100},{"serialId":"7","location":"Pune","quantity":100},{"serialId":"8","location":"Hyderabad","quantity":100}]},{"drugId":"PD3","drugName":"PENADOL","manufacturer":"Alkem health Science","manufactureDate":"2021-10-21T18:30:00.000+00:00","expiryDate":"2024-11-21T18:30:00.000+00:00","druglocationQuantities":[{"serialId":"9","location":"Chennai","quantity":100},{"serialId":"10","location":"Bangalore","quantity":100}]}]> but was: <[{"drugId":"PR1","drugName":"PARACETAMOL","manufacturer":"Cipla","manufactureDate":"2020-10-21T18:30:00.000+00:00","expiryDate":"2024-11-21T18:30:00.000+00:00","druglocationQuantities":[{"serialId":"1","location":"Chennai","quantity":100},{"serialId":"2","location":"Bangalore","quantity":100},{"serialId":"3","location":"Pune","quantity":100},{"serialId":"4","location":"Hyderabad","quantity":100}]},{"drugId":"CR2","drugName":"CROCIN","manufacturer":"Serum","manufactureDate":"2020-12-21T18:30:00.000+00:00","expiryDate":"2024-11-21T18:30:00.000+00:00","druglocationQuantities":[{"serialId":"5","location":"Chennai","quantity":100},{"serialId":"6","location":"Bangalore","quantity":100},{"serialId":"7","location":"Pune","quantity":100},{"serialId":"8","location":"Hyderabad","quantity":100}]},{"drugId":"PD3","drugName":"PENADOL","manufacturer":"Alkem health Science","manufactureDate":"2020-09-21T18:30:00.000+00:00","expiryDate":"2024-11-21T18:30:00.000+00:00","druglocationQuantities":[{"serialId":"9","location":"Chennai","quantity":100},{"serialId":"10","location":"Bangalore","quantity":100}]},{"drugId":"PD1","drugName":"PAN D","manufacturer":"Cipla","manufactureDate":"2020-08-20T18:30:00.000+00:00","expiryDate":"2023-10-11T18:30:00.000+00:00","druglocationQuantities":[{"serialId":"11","location":"Pune","quantity":100},{"serialId":"12","location":"Bangalore","quantity":100}]},{"drugId":"ED1","drugName":"ESC D","manufacturer":"Cipla","manufactureDate":"2020-08-20T18:30:00.000+00:00","expiryDate":"2023-10-11T18:30:00.000+00:00","druglocationQuantities":[{"serialId":"13","location":"Pune","quantity":100},{"serialId":"14","location":"Bangalore","quantity":100}]},{"drugId":"AS1","drugName":"ASPIRIN","manufacturer":"Cipla","manufactureDate":"2020-08-20T18:30:00.000+00:00","expiryDate":"2023-10-11T18:30:00.000+00:00","druglocationQuantities":[{"serialId":"15","location":"Pune","quantity":100},{"serialId":"16","location":"Bangalore","quantity":100}]},{"drugId":"DO1","drugName":"DOLO","manufacturer":"Cipla","manufactureDate":"2020-08-20T18:30:00.000+00:00","expiryDate":"2023-10-11T18:30:00.000+00:00","druglocationQuantities":[{"serialId":"43","location":"Pune","quantity":100},{"serialId":"44","location":"Bangalore","quantity":100}]},{"drugId":"EA1","drugName":"ECOSPRIN AV","manufacturer":"Cipla","manufactureDate":"2020-08-20T18:30:00.000+00:00","expiryDate":"2023-10-11T18:30:00.000+00:00","druglocationQuantities":[{"serialId":"17","location":"Pune","quantity":100},{"serialId":"18","location":"Bangalore","quantity":100}]},{"drugId":"CE1","drugName":"CELIN 500","manufacturer":"Cipla","manufactureDate":"2020-08-20T18:30:00.000+00:00","expiryDate":"2023-10-11T18:30:00.000+00:00","druglocationQuantities":[{"serialId":"19","location":"Pune","quantity":100},{"serialId":"20","location":"Bangalore","quantity":100}]},{"drugId":"SU1","drugName":"SUPRADYN","manufacturer":"Cipla","manufactureDate":"2020-08-20T18:30:00.000+00:00","expiryDate":"2023-10-11T18:30:00.000+00:00","druglocationQuantities":[{"serialId":"21","location":"Pune","quantity":100},{"serialId":"22","location":"Bangalore","quantity":100}]},{"drugId":"BE1","drugName":"BECADEXMIN","manufacturer":"Cipla","manufactureDate":"2020-08-20T18:30:00.000+00:00","expiryDate":"2023-10-11T18:30:00.000+00:00","druglocationQuantities":[{"serialId":"23","location":"Pune","quantity":100},{"serialId":"24","location":"Bangalore","quantity":100}]},{"drugId":"EV1","drugName":"EVION 400","manufacturer":"Cipla","manufactureDate":"2020-08-20T18:30:00.000+00:00","expiryDate":"2023-10-11T18:30:00.000+00:00","druglocationQuantities":[{"serialId":"25","location":"Pune","quantity":100},{"serialId":"26","location":"Bangalore","quantity":100}]},{"drugId":"LI1","drugName":"LIMCEE 500","manufacturer":"Cipla","manufactureDate":"2020-08-20T18:30:00.000+00:00","expiryDate":"2023-10-11T18:30:00.000+00:00","druglocationQuantities":[{"serialId":"27","location":"Pune","quantity":100},{"serialId":"28","location":"Bangalore","quantity":100}]},{"drugId":"TE1","drugName":"TELMA 500","manufacturer":"Cipla","manufactureDate":"2020-08-20T18:30:00.000+00:00","expiryDate":"2023-10-11T18:30:00.000+00:00","druglocationQuantities":[{"serialId":"29","location":"Pune","quantity":100},{"serialId":"30","location":"Bangalore","quantity":100}]},{"drugId":"BE2","drugName":"BECASULE","manufacturer":"Cipla","manufactureDate":"2020-08-20T18:30:00.000+00:00","expiryDate":"2023-10-11T18:30:00.000+00:00","druglocationQuantities":[{"serialId":"31","location":"Pune","quantity":100},{"serialId":"32","location":"Bangalore","quantity":100}]},{"drugId":"CO1","drugName":"CORONIL","manufacturer":"Cipla","manufactureDate":"2020-08-20T18:30:00.000+00:00","expiryDate":"2023-10-11T18:30:00.000+00:00","druglocationQuantities":[{"serialId":"33","location":"Pune","quantity":100},{"serialId":"34","location":"Bangalore","quantity":100}]},{"drugId":"NO1","drugName":"NORFLOX TZ","manufacturer":"Cipla","manufactureDate":"2020-08-20T18:30:00.000+00:00","expiryDate":"2023-10-11T18:30:00.000+00:00","druglocationQuantities":[{"serialId":"35","location":"Pune","quantity":100},{"serialId":"36","location":"Bangalore","quantity":100}]},{"drugId":"MO1","drugName":"MORPHINE","manufacturer":"Cipla","manufactureDate":"2020-08-20T18:30:00.000+00:00","expiryDate":"2023-10-11T18:30:00.000+00:00","druglocationQuantities":[{"serialId":"37","location":"Pune","quantity":100},{"serialId":"38","location":"Bangalore","quantity":100}]},{"drugId":"OM1","drugName":"OMNI","manufacturer":"Cipla","manufactureDate":"2020-08-20T18:30:00.000+00:00","expiryDate":"2023-10-11T18:30:00.000+00:00","druglocationQuantities":[{"serialId":"39","location":"Pune","quantity":100},{"serialId":"40","location":"Bangalore","quantity":100}]},{"drugId":"AM1","drugName":"AMLOGARD","manufacturer":"Cipla","manufactureDate":"2020-08-20T18:30:00.000+00:00","expiryDate":"2023-10-11T18:30:00.000+00:00","druglocationQuantities":[{"serialId":"41","location":"Pune","quantity":100},{"serialId":"42","location":"Bangalore","quantity":100}]}]>
	at com.mailorderpharma.drugservice.controller.test.DrugControllerTest.testgetAllDrugs(DrugControllerTest.java:172)
]]></failure>
    <system-out><![CDATA[2021-04-20 04:34:18.372  INFO 24352 --- [           main] c.m.d.controller.DrugController          : start--Controller--getAllDrugs
2021-04-20 04:34:18.379  INFO 24352 --- [           main] c.m.d.controller.DrugController          : start--Controller--getAllDrugs
2021-04-20 04:34:18.379  INFO 24352 --- [           main] c.m.d.service.DrugDetailsServiceImpl     : start--serviceimpl--  getAllDrugs
2021-04-20 04:34:18.400 DEBUG 24352 --- [           main] org.hibernate.SQL                        : select drugdetail0_.drug_id as drug_id1_0_, drugdetail0_.drug_name as drug_nam2_0_, drugdetail0_.expiry_date as expiry_d3_0_, drugdetail0_.manufacture_date as manufact4_0_, drugdetail0_.manufacturer as manufact5_0_ from drug_details drugdetail0_
Hibernate: select drugdetail0_.drug_id as drug_id1_0_, drugdetail0_.drug_name as drug_nam2_0_, drugdetail0_.expiry_date as expiry_d3_0_, drugdetail0_.manufacture_date as manufact4_0_, drugdetail0_.manufacturer as manufact5_0_ from drug_details drugdetail0_
2021-04-20 04:34:18.405 TRACE 24352 --- [           main] o.h.type.descriptor.sql.BasicExtractor   : extracted value ([drug_id1_0_] : [VARCHAR]) - [PR1]
2021-04-20 04:34:18.406 TRACE 24352 --- [           main] o.h.type.descriptor.sql.BasicExtractor   : extracted value ([drug_nam2_0_] : [VARCHAR]) - [PARACETAMOL]
2021-04-20 04:34:18.407 TRACE 24352 --- [           main] o.h.type.descriptor.sql.BasicExtractor   : extracted value ([expiry_d3_0_] : [TIMESTAMP]) - [2024-11-22 00:00:00.0]
2021-04-20 04:34:18.412 TRACE 24352 --- [           main] o.h.type.descriptor.sql.BasicExtractor   : extracted value ([manufact4_0_] : [TIMESTAMP]) - [2020-10-22 00:00:00.0]
2021-04-20 04:34:18.415 TRACE 24352 --- [           main] o.h.type.descriptor.sql.BasicExtractor   : extracted value ([manufact5_0_] : [VARCHAR]) - [Cipla]
2021-04-20 04:34:18.415 TRACE 24352 --- [           main] o.h.type.descriptor.sql.BasicExtractor   : extracted value ([drug_id1_0_] : [VARCHAR]) - [CR2]
2021-04-20 04:34:18.416 TRACE 24352 --- [           main] o.h.type.descriptor.sql.BasicExtractor   : extracted value ([drug_nam2_0_] : [VARCHAR]) - [CROCIN]
2021-04-20 04:34:18.416 TRACE 24352 --- [           main] o.h.type.descriptor.sql.BasicExtractor   : extracted value ([expiry_d3_0_] : [TIMESTAMP]) - [2024-11-22 00:00:00.0]
2021-04-20 04:34:18.417 TRACE 24352 --- [           main] o.h.type.descriptor.sql.BasicExtractor   : extracted value ([manufact4_0_] : [TIMESTAMP]) - [2020-12-22 00:00:00.0]
2021-04-20 04:34:18.417 TRACE 24352 --- [           main] o.h.type.descriptor.sql.BasicExtractor   : extracted value ([manufact5_0_] : [VARCHAR]) - [Serum]
2021-04-20 04:34:18.417 TRACE 24352 --- [           main] o.h.type.descriptor.sql.BasicExtractor   : extracted value ([drug_id1_0_] : [VARCHAR]) - [PD3]
2021-04-20 04:34:18.418 TRACE 24352 --- [           main] o.h.type.descriptor.sql.BasicExtractor   : extracted value ([drug_nam2_0_] : [VARCHAR]) - [PENADOL]
2021-04-20 04:34:18.418 TRACE 24352 --- [           main] o.h.type.descriptor.sql.BasicExtractor   : extracted value ([expiry_d3_0_] : [TIMESTAMP]) - [2024-11-22 00:00:00.0]
2021-04-20 04:34:18.419 TRACE 24352 --- [           main] o.h.type.descriptor.sql.BasicExtractor   : extracted value ([manufact4_0_] : [TIMESTAMP]) - [2020-09-22 00:00:00.0]
2021-04-20 04:34:18.421 TRACE 24352 --- [           main] o.h.type.descriptor.sql.BasicExtractor   : extracted value ([manufact5_0_] : [VARCHAR]) - [Alkem health Science]
2021-04-20 04:34:18.422 TRACE 24352 --- [           main] o.h.type.descriptor.sql.BasicExtractor   : extracted value ([drug_id1_0_] : [VARCHAR]) - [PD1]
2021-04-20 04:34:18.423 TRACE 24352 --- [           main] o.h.type.descriptor.sql.BasicExtractor   : extracted value ([drug_nam2_0_] : [VARCHAR]) - [PAN D]
2021-04-20 04:34:18.424 TRACE 24352 --- [           main] o.h.type.descriptor.sql.BasicExtractor   : extracted value ([expiry_d3_0_] : [TIMESTAMP]) - [2023-10-12 00:00:00.0]
2021-04-20 04:34:18.425 TRACE 24352 --- [           main] o.h.type.descriptor.sql.BasicExtractor   : extracted value ([manufact4_0_] : [TIMESTAMP]) - [2020-08-21 00:00:00.0]
2021-04-20 04:34:18.425 TRACE 24352 --- [           main] o.h.type.descriptor.sql.BasicExtractor   : extracted value ([manufact5_0_] : [VARCHAR]) - [Cipla]
2021-04-20 04:34:18.425 TRACE 24352 --- [           main] o.h.type.descriptor.sql.BasicExtractor   : extracted value ([drug_id1_0_] : [VARCHAR]) - [ED1]
2021-04-20 04:34:18.425 TRACE 24352 --- [           main] o.h.type.descriptor.sql.BasicExtractor   : extracted value ([drug_nam2_0_] : [VARCHAR]) - [ESC D]
2021-04-20 04:34:18.426 TRACE 24352 --- [           main] o.h.type.descriptor.sql.BasicExtractor   : extracted value ([expiry_d3_0_] : [TIMESTAMP]) - [2023-10-12 00:00:00.0]
2021-04-20 04:34:18.426 TRACE 24352 --- [           main] o.h.type.descriptor.sql.BasicExtractor   : extracted value ([manufact4_0_] : [TIMESTAMP]) - [2020-08-21 00:00:00.0]
2021-04-20 04:34:18.426 TRACE 24352 --- [           main] o.h.type.descriptor.sql.BasicExtractor   : extracted value ([manufact5_0_] : [VARCHAR]) - [Cipla]
2021-04-20 04:34:18.427 TRACE 24352 --- [           main] o.h.type.descriptor.sql.BasicExtractor   : extracted value ([drug_id1_0_] : [VARCHAR]) - [AS1]
2021-04-20 04:34:18.427 TRACE 24352 --- [           main] o.h.type.descriptor.sql.BasicExtractor   : extracted value ([drug_nam2_0_] : [VARCHAR]) - [ASPIRIN]
2021-04-20 04:34:18.427 TRACE 24352 --- [           main] o.h.type.descriptor.sql.BasicExtractor   : extracted value ([expiry_d3_0_] : [TIMESTAMP]) - [2023-10-12 00:00:00.0]
2021-04-20 04:34:18.428 TRACE 24352 --- [           main] o.h.type.descriptor.sql.BasicExtractor   : extracted value ([manufact4_0_] : [TIMESTAMP]) - [2020-08-21 00:00:00.0]
2021-04-20 04:34:18.428 TRACE 24352 --- [           main] o.h.type.descriptor.sql.BasicExtractor   : extracted value ([manufact5_0_] : [VARCHAR]) - [Cipla]
2021-04-20 04:34:18.428 TRACE 24352 --- [           main] o.h.type.descriptor.sql.BasicExtractor   : extracted value ([drug_id1_0_] : [VARCHAR]) - [DO1]
2021-04-20 04:34:18.429 TRACE 24352 --- [           main] o.h.type.descriptor.sql.BasicExtractor   : extracted value ([drug_nam2_0_] : [VARCHAR]) - [DOLO]
2021-04-20 04:34:18.429 TRACE 24352 --- [           main] o.h.type.descriptor.sql.BasicExtractor   : extracted value ([expiry_d3_0_] : [TIMESTAMP]) - [2023-10-12 00:00:00.0]
2021-04-20 04:34:18.430 TRACE 24352 --- [           main] o.h.type.descriptor.sql.BasicExtractor   : extracted value ([manufact4_0_] : [TIMESTAMP]) - [2020-08-21 00:00:00.0]
2021-04-20 04:34:18.430 TRACE 24352 --- [           main] o.h.type.descriptor.sql.BasicExtractor   : extracted value ([manufact5_0_] : [VARCHAR]) - [Cipla]
2021-04-20 04:34:18.430 TRACE 24352 --- [           main] o.h.type.descriptor.sql.BasicExtractor   : extracted value ([drug_id1_0_] : [VARCHAR]) - [EA1]
2021-04-20 04:34:18.431 TRACE 24352 --- [           main] o.h.type.descriptor.sql.BasicExtractor   : extracted value ([drug_nam2_0_] : [VARCHAR]) - [ECOSPRIN AV]
2021-04-20 04:34:18.431 TRACE 24352 --- [           main] o.h.type.descriptor.sql.BasicExtractor   : extracted value ([expiry_d3_0_] : [TIMESTAMP]) - [2023-10-12 00:00:00.0]
2021-04-20 04:34:18.432 TRACE 24352 --- [           main] o.h.type.descriptor.sql.BasicExtractor   : extracted value ([manufact4_0_] : [TIMESTAMP]) - [2020-08-21 00:00:00.0]
2021-04-20 04:34:18.432 TRACE 24352 --- [           main] o.h.type.descriptor.sql.BasicExtractor   : extracted value ([manufact5_0_] : [VARCHAR]) - [Cipla]
2021-04-20 04:34:18.432 TRACE 24352 --- [           main] o.h.type.descriptor.sql.BasicExtractor   : extracted value ([drug_id1_0_] : [VARCHAR]) - [CE1]
2021-04-20 04:34:18.432 TRACE 24352 --- [           main] o.h.type.descriptor.sql.BasicExtractor   : extracted value ([drug_nam2_0_] : [VARCHAR]) - [CELIN 500]
2021-04-20 04:34:18.433 TRACE 24352 --- [           main] o.h.type.descriptor.sql.BasicExtractor   : extracted value ([expiry_d3_0_] : [TIMESTAMP]) - [2023-10-12 00:00:00.0]
2021-04-20 04:34:18.434 TRACE 24352 --- [           main] o.h.type.descriptor.sql.BasicExtractor   : extracted value ([manufact4_0_] : [TIMESTAMP]) - [2020-08-21 00:00:00.0]
2021-04-20 04:34:18.434 TRACE 24352 --- [           main] o.h.type.descriptor.sql.BasicExtractor   : extracted value ([manufact5_0_] : [VARCHAR]) - [Cipla]
2021-04-20 04:34:18.435 TRACE 24352 --- [           main] o.h.type.descriptor.sql.BasicExtractor   : extracted value ([drug_id1_0_] : [VARCHAR]) - [SU1]
2021-04-20 04:34:18.435 TRACE 24352 --- [           main] o.h.type.descriptor.sql.BasicExtractor   : extracted value ([drug_nam2_0_] : [VARCHAR]) - [SUPRADYN]
2021-04-20 04:34:18.436 TRACE 24352 --- [           main] o.h.type.descriptor.sql.BasicExtractor   : extracted value ([expiry_d3_0_] : [TIMESTAMP]) - [2023-10-12 00:00:00.0]
2021-04-20 04:34:18.437 TRACE 24352 --- [           main] o.h.type.descriptor.sql.BasicExtractor   : extracted value ([manufact4_0_] : [TIMESTAMP]) - [2020-08-21 00:00:00.0]
2021-04-20 04:34:18.437 TRACE 24352 --- [           main] o.h.type.descriptor.sql.BasicExtractor   : extracted value ([manufact5_0_] : [VARCHAR]) - [Cipla]
2021-04-20 04:34:18.437 TRACE 24352 --- [           main] o.h.type.descriptor.sql.BasicExtractor   : extracted value ([drug_id1_0_] : [VARCHAR]) - [BE1]
2021-04-20 04:34:18.438 TRACE 24352 --- [           main] o.h.type.descriptor.sql.BasicExtractor   : extracted value ([drug_nam2_0_] : [VARCHAR]) - [BECADEXMIN]
2021-04-20 04:34:18.439 TRACE 24352 --- [           main] o.h.type.descriptor.sql.BasicExtractor   : extracted value ([expiry_d3_0_] : [TIMESTAMP]) - [2023-10-12 00:00:00.0]
2021-04-20 04:34:18.440 TRACE 24352 --- [           main] o.h.type.descriptor.sql.BasicExtractor   : extracted value ([manufact4_0_] : [TIMESTAMP]) - [2020-08-21 00:00:00.0]
2021-04-20 04:34:18.440 TRACE 24352 --- [           main] o.h.type.descriptor.sql.BasicExtractor   : extracted value ([manufact5_0_] : [VARCHAR]) - [Cipla]
2021-04-20 04:34:18.441 TRACE 24352 --- [           main] o.h.type.descriptor.sql.BasicExtractor   : extracted value ([drug_id1_0_] : [VARCHAR]) - [EV1]
2021-04-20 04:34:18.442 TRACE 24352 --- [           main] o.h.type.descriptor.sql.BasicExtractor   : extracted value ([drug_nam2_0_] : [VARCHAR]) - [EVION 400]
2021-04-20 04:34:18.443 TRACE 24352 --- [           main] o.h.type.descriptor.sql.BasicExtractor   : extracted value ([expiry_d3_0_] : [TIMESTAMP]) - [2023-10-12 00:00:00.0]
2021-04-20 04:34:18.446 TRACE 24352 --- [           main] o.h.type.descriptor.sql.BasicExtractor   : extracted value ([manufact4_0_] : [TIMESTAMP]) - [2020-08-21 00:00:00.0]
2021-04-20 04:34:18.446 TRACE 24352 --- [           main] o.h.type.descriptor.sql.BasicExtractor   : extracted value ([manufact5_0_] : [VARCHAR]) - [Cipla]
2021-04-20 04:34:18.447 TRACE 24352 --- [           main] o.h.type.descriptor.sql.BasicExtractor   : extracted value ([drug_id1_0_] : [VARCHAR]) - [LI1]
2021-04-20 04:34:18.448 TRACE 24352 --- [           main] o.h.type.descriptor.sql.BasicExtractor   : extracted value ([drug_nam2_0_] : [VARCHAR]) - [LIMCEE 500]
2021-04-20 04:34:18.449 TRACE 24352 --- [           main] o.h.type.descriptor.sql.BasicExtractor   : extracted value ([expiry_d3_0_] : [TIMESTAMP]) - [2023-10-12 00:00:00.0]
2021-04-20 04:34:18.450 TRACE 24352 --- [           main] o.h.type.descriptor.sql.BasicExtractor   : extracted value ([manufact4_0_] : [TIMESTAMP]) - [2020-08-21 00:00:00.0]
2021-04-20 04:34:18.450 TRACE 24352 --- [           main] o.h.type.descriptor.sql.BasicExtractor   : extracted value ([manufact5_0_] : [VARCHAR]) - [Cipla]
2021-04-20 04:34:18.452 TRACE 24352 --- [           main] o.h.type.descriptor.sql.BasicExtractor   : extracted value ([drug_id1_0_] : [VARCHAR]) - [TE1]
2021-04-20 04:34:18.455 TRACE 24352 --- [           main] o.h.type.descriptor.sql.BasicExtractor   : extracted value ([drug_nam2_0_] : [VARCHAR]) - [TELMA 500]
2021-04-20 04:34:18.456 TRACE 24352 --- [           main] o.h.type.descriptor.sql.BasicExtractor   : extracted value ([expiry_d3_0_] : [TIMESTAMP]) - [2023-10-12 00:00:00.0]
2021-04-20 04:34:18.457 TRACE 24352 --- [           main] o.h.type.descriptor.sql.BasicExtractor   : extracted value ([manufact4_0_] : [TIMESTAMP]) - [2020-08-21 00:00:00.0]
2021-04-20 04:34:18.458 TRACE 24352 --- [           main] o.h.type.descriptor.sql.BasicExtractor   : extracted value ([manufact5_0_] : [VARCHAR]) - [Cipla]
2021-04-20 04:34:18.459 TRACE 24352 --- [           main] o.h.type.descriptor.sql.BasicExtractor   : extracted value ([drug_id1_0_] : [VARCHAR]) - [BE2]
2021-04-20 04:34:18.460 TRACE 24352 --- [           main] o.h.type.descriptor.sql.BasicExtractor   : extracted value ([drug_nam2_0_] : [VARCHAR]) - [BECASULE]
2021-04-20 04:34:18.460 TRACE 24352 --- [           main] o.h.type.descriptor.sql.BasicExtractor   : extracted value ([expiry_d3_0_] : [TIMESTAMP]) - [2023-10-12 00:00:00.0]
2021-04-20 04:34:18.462 TRACE 24352 --- [           main] o.h.type.descriptor.sql.BasicExtractor   : extracted value ([manufact4_0_] : [TIMESTAMP]) - [2020-08-21 00:00:00.0]
2021-04-20 04:34:18.463 TRACE 24352 --- [           main] o.h.type.descriptor.sql.BasicExtractor   : extracted value ([manufact5_0_] : [VARCHAR]) - [Cipla]
2021-04-20 04:34:18.463 TRACE 24352 --- [           main] o.h.type.descriptor.sql.BasicExtractor   : extracted value ([drug_id1_0_] : [VARCHAR]) - [CO1]
2021-04-20 04:34:18.464 TRACE 24352 --- [           main] o.h.type.descriptor.sql.BasicExtractor   : extracted value ([drug_nam2_0_] : [VARCHAR]) - [CORONIL]
2021-04-20 04:34:18.465 TRACE 24352 --- [           main] o.h.type.descriptor.sql.BasicExtractor   : extracted value ([expiry_d3_0_] : [TIMESTAMP]) - [2023-10-12 00:00:00.0]
2021-04-20 04:34:18.465 TRACE 24352 --- [           main] o.h.type.descriptor.sql.BasicExtractor   : extracted value ([manufact4_0_] : [TIMESTAMP]) - [2020-08-21 00:00:00.0]
2021-04-20 04:34:18.465 TRACE 24352 --- [           main] o.h.type.descriptor.sql.BasicExtractor   : extracted value ([manufact5_0_] : [VARCHAR]) - [Cipla]
2021-04-20 04:34:18.465 TRACE 24352 --- [           main] o.h.type.descriptor.sql.BasicExtractor   : extracted value ([drug_id1_0_] : [VARCHAR]) - [NO1]
2021-04-20 04:34:18.466 TRACE 24352 --- [           main] o.h.type.descriptor.sql.BasicExtractor   : extracted value ([drug_nam2_0_] : [VARCHAR]) - [NORFLOX TZ]
2021-04-20 04:34:18.468 TRACE 24352 --- [           main] o.h.type.descriptor.sql.BasicExtractor   : extracted value ([expiry_d3_0_] : [TIMESTAMP]) - [2023-10-12 00:00:00.0]
2021-04-20 04:34:18.468 TRACE 24352 --- [           main] o.h.type.descriptor.sql.BasicExtractor   : extracted value ([manufact4_0_] : [TIMESTAMP]) - [2020-08-21 00:00:00.0]
2021-04-20 04:34:18.468 TRACE 24352 --- [           main] o.h.type.descriptor.sql.BasicExtractor   : extracted value ([manufact5_0_] : [VARCHAR]) - [Cipla]
2021-04-20 04:34:18.468 TRACE 24352 --- [           main] o.h.type.descriptor.sql.BasicExtractor   : extracted value ([drug_id1_0_] : [VARCHAR]) - [MO1]
2021-04-20 04:34:18.469 TRACE 24352 --- [           main] o.h.type.descriptor.sql.BasicExtractor   : extracted value ([drug_nam2_0_] : [VARCHAR]) - [MORPHINE]
2021-04-20 04:34:18.473 TRACE 24352 --- [           main] o.h.type.descriptor.sql.BasicExtractor   : extracted value ([expiry_d3_0_] : [TIMESTAMP]) - [2023-10-12 00:00:00.0]
2021-04-20 04:34:18.476 TRACE 24352 --- [           main] o.h.type.descriptor.sql.BasicExtractor   : extracted value ([manufact4_0_] : [TIMESTAMP]) - [2020-08-21 00:00:00.0]
2021-04-20 04:34:18.476 TRACE 24352 --- [           main] o.h.type.descriptor.sql.BasicExtractor   : extracted value ([manufact5_0_] : [VARCHAR]) - [Cipla]
2021-04-20 04:34:18.477 TRACE 24352 --- [           main] o.h.type.descriptor.sql.BasicExtractor   : extracted value ([drug_id1_0_] : [VARCHAR]) - [OM1]
2021-04-20 04:34:18.477 TRACE 24352 --- [           main] o.h.type.descriptor.sql.BasicExtractor   : extracted value ([drug_nam2_0_] : [VARCHAR]) - [OMNI]
2021-04-20 04:34:18.478 TRACE 24352 --- [           main] o.h.type.descriptor.sql.BasicExtractor   : extracted value ([expiry_d3_0_] : [TIMESTAMP]) - [2023-10-12 00:00:00.0]
2021-04-20 04:34:18.478 TRACE 24352 --- [           main] o.h.type.descriptor.sql.BasicExtractor   : extracted value ([manufact4_0_] : [TIMESTAMP]) - [2020-08-21 00:00:00.0]
2021-04-20 04:34:18.478 TRACE 24352 --- [           main] o.h.type.descriptor.sql.BasicExtractor   : extracted value ([manufact5_0_] : [VARCHAR]) - [Cipla]
2021-04-20 04:34:18.478 TRACE 24352 --- [           main] o.h.type.descriptor.sql.BasicExtractor   : extracted value ([drug_id1_0_] : [VARCHAR]) - [AM1]
2021-04-20 04:34:18.479 TRACE 24352 --- [           main] o.h.type.descriptor.sql.BasicExtractor   : extracted value ([drug_nam2_0_] : [VARCHAR]) - [AMLOGARD]
2021-04-20 04:34:18.479 TRACE 24352 --- [           main] o.h.type.descriptor.sql.BasicExtractor   : extracted value ([expiry_d3_0_] : [TIMESTAMP]) - [2023-10-12 00:00:00.0]
2021-04-20 04:34:18.479 TRACE 24352 --- [           main] o.h.type.descriptor.sql.BasicExtractor   : extracted value ([manufact4_0_] : [TIMESTAMP]) - [2020-08-21 00:00:00.0]
2021-04-20 04:34:18.479 TRACE 24352 --- [           main] o.h.type.descriptor.sql.BasicExtractor   : extracted value ([manufact5_0_] : [VARCHAR]) - [Cipla]
2021-04-20 04:34:18.486 DEBUG 24352 --- [           main] org.hibernate.SQL                        : select druglocati0_.drug_id as drug_id4_1_0_, druglocati0_.serial_id as serial_i1_1_0_, druglocati0_.serial_id as serial_i1_1_1_, druglocati0_.drug_id as drug_id4_1_1_, druglocati0_.location as location2_1_1_, druglocati0_.quantity as quantity3_1_1_ from drug_location_details druglocati0_ where druglocati0_.drug_id=?
Hibernate: select druglocati0_.drug_id as drug_id4_1_0_, druglocati0_.serial_id as serial_i1_1_0_, druglocati0_.serial_id as serial_i1_1_1_, druglocati0_.drug_id as drug_id4_1_1_, druglocati0_.location as location2_1_1_, druglocati0_.quantity as quantity3_1_1_ from drug_location_details druglocati0_ where druglocati0_.drug_id=?
2021-04-20 04:34:18.486 TRACE 24352 --- [           main] o.h.type.descriptor.sql.BasicBinder      : binding parameter [1] as [VARCHAR] - [PR1]
2021-04-20 04:34:18.487 TRACE 24352 --- [           main] o.h.type.descriptor.sql.BasicExtractor   : extracted value ([serial_i1_1_1_] : [VARCHAR]) - [1]
2021-04-20 04:34:18.487 TRACE 24352 --- [           main] o.h.type.descriptor.sql.BasicExtractor   : extracted value ([drug_id4_1_1_] : [VARCHAR]) - [PR1]
2021-04-20 04:34:18.488 TRACE 24352 --- [           main] o.h.type.descriptor.sql.BasicExtractor   : extracted value ([location2_1_1_] : [VARCHAR]) - [Chennai]
2021-04-20 04:34:18.488 TRACE 24352 --- [           main] o.h.type.descriptor.sql.BasicExtractor   : extracted value ([quantity3_1_1_] : [INTEGER]) - [100]
2021-04-20 04:34:18.488 TRACE 24352 --- [           main] o.h.type.descriptor.sql.BasicExtractor   : extracted value ([drug_id4_1_0_] : [VARCHAR]) - [PR1]
2021-04-20 04:34:18.488 TRACE 24352 --- [           main] o.h.type.descriptor.sql.BasicExtractor   : extracted value ([serial_i1_1_0_] : [VARCHAR]) - [1]
2021-04-20 04:34:18.489 TRACE 24352 --- [           main] o.h.type.descriptor.sql.BasicExtractor   : extracted value ([serial_i1_1_1_] : [VARCHAR]) - [2]
2021-04-20 04:34:18.489 TRACE 24352 --- [           main] o.h.type.descriptor.sql.BasicExtractor   : extracted value ([drug_id4_1_1_] : [VARCHAR]) - [PR1]
2021-04-20 04:34:18.489 TRACE 24352 --- [           main] o.h.type.descriptor.sql.BasicExtractor   : extracted value ([location2_1_1_] : [VARCHAR]) - [Bangalore]
2021-04-20 04:34:18.489 TRACE 24352 --- [           main] o.h.type.descriptor.sql.BasicExtractor   : extracted value ([quantity3_1_1_] : [INTEGER]) - [100]
2021-04-20 04:34:18.489 TRACE 24352 --- [           main] o.h.type.descriptor.sql.BasicExtractor   : extracted value ([drug_id4_1_0_] : [VARCHAR]) - [PR1]
2021-04-20 04:34:18.489 TRACE 24352 --- [           main] o.h.type.descriptor.sql.BasicExtractor   : extracted value ([serial_i1_1_0_] : [VARCHAR]) - [2]
2021-04-20 04:34:18.490 TRACE 24352 --- [           main] o.h.type.descriptor.sql.BasicExtractor   : extracted value ([serial_i1_1_1_] : [VARCHAR]) - [3]
2021-04-20 04:34:18.490 TRACE 24352 --- [           main] o.h.type.descriptor.sql.BasicExtractor   : extracted value ([drug_id4_1_1_] : [VARCHAR]) - [PR1]
2021-04-20 04:34:18.491 TRACE 24352 --- [           main] o.h.type.descriptor.sql.BasicExtractor   : extracted value ([location2_1_1_] : [VARCHAR]) - [Pune]
2021-04-20 04:34:18.491 TRACE 24352 --- [           main] o.h.type.descriptor.sql.BasicExtractor   : extracted value ([quantity3_1_1_] : [INTEGER]) - [100]
2021-04-20 04:34:18.492 TRACE 24352 --- [           main] o.h.type.descriptor.sql.BasicExtractor   : extracted value ([drug_id4_1_0_] : [VARCHAR]) - [PR1]
2021-04-20 04:34:18.492 TRACE 24352 --- [           main] o.h.type.descriptor.sql.BasicExtractor   : extracted value ([serial_i1_1_0_] : [VARCHAR]) - [3]
2021-04-20 04:34:18.493 TRACE 24352 --- [           main] o.h.type.descriptor.sql.BasicExtractor   : extracted value ([serial_i1_1_1_] : [VARCHAR]) - [4]
2021-04-20 04:34:18.494 TRACE 24352 --- [           main] o.h.type.descriptor.sql.BasicExtractor   : extracted value ([drug_id4_1_1_] : [VARCHAR]) - [PR1]
2021-04-20 04:34:18.495 TRACE 24352 --- [           main] o.h.type.descriptor.sql.BasicExtractor   : extracted value ([location2_1_1_] : [VARCHAR]) - [Hyderabad]
2021-04-20 04:34:18.495 TRACE 24352 --- [           main] o.h.type.descriptor.sql.BasicExtractor   : extracted value ([quantity3_1_1_] : [INTEGER]) - [100]
2021-04-20 04:34:18.496 TRACE 24352 --- [           main] o.h.type.descriptor.sql.BasicExtractor   : extracted value ([drug_id4_1_0_] : [VARCHAR]) - [PR1]
2021-04-20 04:34:18.496 TRACE 24352 --- [           main] o.h.type.descriptor.sql.BasicExtractor   : extracted value ([serial_i1_1_0_] : [VARCHAR]) - [4]
2021-04-20 04:34:18.497 DEBUG 24352 --- [           main] org.hibernate.SQL                        : select druglocati0_.drug_id as drug_id4_1_0_, druglocati0_.serial_id as serial_i1_1_0_, druglocati0_.serial_id as serial_i1_1_1_, druglocati0_.drug_id as drug_id4_1_1_, druglocati0_.location as location2_1_1_, druglocati0_.quantity as quantity3_1_1_ from drug_location_details druglocati0_ where druglocati0_.drug_id=?
Hibernate: select druglocati0_.drug_id as drug_id4_1_0_, druglocati0_.serial_id as serial_i1_1_0_, druglocati0_.serial_id as serial_i1_1_1_, druglocati0_.drug_id as drug_id4_1_1_, druglocati0_.location as location2_1_1_, druglocati0_.quantity as quantity3_1_1_ from drug_location_details druglocati0_ where druglocati0_.drug_id=?
2021-04-20 04:34:18.497 TRACE 24352 --- [           main] o.h.type.descriptor.sql.BasicBinder      : binding parameter [1] as [VARCHAR] - [CR2]
2021-04-20 04:34:18.517 TRACE 24352 --- [           main] o.h.type.descriptor.sql.BasicExtractor   : extracted value ([serial_i1_1_1_] : [VARCHAR]) - [5]
2021-04-20 04:34:18.518 TRACE 24352 --- [           main] o.h.type.descriptor.sql.BasicExtractor   : extracted value ([drug_id4_1_1_] : [VARCHAR]) - [CR2]
2021-04-20 04:34:18.519 TRACE 24352 --- [           main] o.h.type.descriptor.sql.BasicExtractor   : extracted value ([location2_1_1_] : [VARCHAR]) - [Chennai]
2021-04-20 04:34:18.520 TRACE 24352 --- [           main] o.h.type.descriptor.sql.BasicExtractor   : extracted value ([quantity3_1_1_] : [INTEGER]) - [100]
2021-04-20 04:34:18.522 TRACE 24352 --- [           main] o.h.type.descriptor.sql.BasicExtractor   : extracted value ([drug_id4_1_0_] : [VARCHAR]) - [CR2]
2021-04-20 04:34:18.522 TRACE 24352 --- [           main] o.h.type.descriptor.sql.BasicExtractor   : extracted value ([serial_i1_1_0_] : [VARCHAR]) - [5]
2021-04-20 04:34:18.522 TRACE 24352 --- [           main] o.h.type.descriptor.sql.BasicExtractor   : extracted value ([serial_i1_1_1_] : [VARCHAR]) - [6]
2021-04-20 04:34:18.529 TRACE 24352 --- [           main] o.h.type.descriptor.sql.BasicExtractor   : extracted value ([drug_id4_1_1_] : [VARCHAR]) - [CR2]
2021-04-20 04:34:18.530 TRACE 24352 --- [           main] o.h.type.descriptor.sql.BasicExtractor   : extracted value ([location2_1_1_] : [VARCHAR]) - [Bangalore]
2021-04-20 04:34:18.530 TRACE 24352 --- [           main] o.h.type.descriptor.sql.BasicExtractor   : extracted value ([quantity3_1_1_] : [INTEGER]) - [100]
2021-04-20 04:34:18.531 TRACE 24352 --- [           main] o.h.type.descriptor.sql.BasicExtractor   : extracted value ([drug_id4_1_0_] : [VARCHAR]) - [CR2]
2021-04-20 04:34:18.534 TRACE 24352 --- [           main] o.h.type.descriptor.sql.BasicExtractor   : extracted value ([serial_i1_1_0_] : [VARCHAR]) - [6]
2021-04-20 04:34:18.535 TRACE 24352 --- [           main] o.h.type.descriptor.sql.BasicExtractor   : extracted value ([serial_i1_1_1_] : [VARCHAR]) - [7]
2021-04-20 04:34:18.535 TRACE 24352 --- [           main] o.h.type.descriptor.sql.BasicExtractor   : extracted value ([drug_id4_1_1_] : [VARCHAR]) - [CR2]
2021-04-20 04:34:18.538 TRACE 24352 --- [           main] o.h.type.descriptor.sql.BasicExtractor   : extracted value ([location2_1_1_] : [VARCHAR]) - [Pune]
2021-04-20 04:34:18.539 TRACE 24352 --- [           main] o.h.type.descriptor.sql.BasicExtractor   : extracted value ([quantity3_1_1_] : [INTEGER]) - [100]
2021-04-20 04:34:18.539 TRACE 24352 --- [           main] o.h.type.descriptor.sql.BasicExtractor   : extracted value ([drug_id4_1_0_] : [VARCHAR]) - [CR2]
2021-04-20 04:34:18.540 TRACE 24352 --- [           main] o.h.type.descriptor.sql.BasicExtractor   : extracted value ([serial_i1_1_0_] : [VARCHAR]) - [7]
2021-04-20 04:34:18.540 TRACE 24352 --- [           main] o.h.type.descriptor.sql.BasicExtractor   : extracted value ([serial_i1_1_1_] : [VARCHAR]) - [8]
2021-04-20 04:34:18.540 TRACE 24352 --- [           main] o.h.type.descriptor.sql.BasicExtractor   : extracted value ([drug_id4_1_1_] : [VARCHAR]) - [CR2]
2021-04-20 04:34:18.542 TRACE 24352 --- [           main] o.h.type.descriptor.sql.BasicExtractor   : extracted value ([location2_1_1_] : [VARCHAR]) - [Hyderabad]
2021-04-20 04:34:18.542 TRACE 24352 --- [           main] o.h.type.descriptor.sql.BasicExtractor   : extracted value ([quantity3_1_1_] : [INTEGER]) - [100]
2021-04-20 04:34:18.542 TRACE 24352 --- [           main] o.h.type.descriptor.sql.BasicExtractor   : extracted value ([drug_id4_1_0_] : [VARCHAR]) - [CR2]
2021-04-20 04:34:18.543 TRACE 24352 --- [           main] o.h.type.descriptor.sql.BasicExtractor   : extracted value ([serial_i1_1_0_] : [VARCHAR]) - [8]
2021-04-20 04:34:18.546 DEBUG 24352 --- [           main] org.hibernate.SQL                        : select druglocati0_.drug_id as drug_id4_1_0_, druglocati0_.serial_id as serial_i1_1_0_, druglocati0_.serial_id as serial_i1_1_1_, druglocati0_.drug_id as drug_id4_1_1_, druglocati0_.location as location2_1_1_, druglocati0_.quantity as quantity3_1_1_ from drug_location_details druglocati0_ where druglocati0_.drug_id=?
Hibernate: select druglocati0_.drug_id as drug_id4_1_0_, druglocati0_.serial_id as serial_i1_1_0_, druglocati0_.serial_id as serial_i1_1_1_, druglocati0_.drug_id as drug_id4_1_1_, druglocati0_.location as location2_1_1_, druglocati0_.quantity as quantity3_1_1_ from drug_location_details druglocati0_ where druglocati0_.drug_id=?
2021-04-20 04:34:18.546 TRACE 24352 --- [           main] o.h.type.descriptor.sql.BasicBinder      : binding parameter [1] as [VARCHAR] - [PD3]
2021-04-20 04:34:18.547 TRACE 24352 --- [           main] o.h.type.descriptor.sql.BasicExtractor   : extracted value ([serial_i1_1_1_] : [VARCHAR]) - [9]
2021-04-20 04:34:18.547 TRACE 24352 --- [           main] o.h.type.descriptor.sql.BasicExtractor   : extracted value ([drug_id4_1_1_] : [VARCHAR]) - [PD3]
2021-04-20 04:34:18.548 TRACE 24352 --- [           main] o.h.type.descriptor.sql.BasicExtractor   : extracted value ([location2_1_1_] : [VARCHAR]) - [Chennai]
2021-04-20 04:34:18.548 TRACE 24352 --- [           main] o.h.type.descriptor.sql.BasicExtractor   : extracted value ([quantity3_1_1_] : [INTEGER]) - [100]
2021-04-20 04:34:18.548 TRACE 24352 --- [           main] o.h.type.descriptor.sql.BasicExtractor   : extracted value ([drug_id4_1_0_] : [VARCHAR]) - [PD3]
2021-04-20 04:34:18.548 TRACE 24352 --- [           main] o.h.type.descriptor.sql.BasicExtractor   : extracted value ([serial_i1_1_0_] : [VARCHAR]) - [9]
2021-04-20 04:34:18.549 TRACE 24352 --- [           main] o.h.type.descriptor.sql.BasicExtractor   : extracted value ([serial_i1_1_1_] : [VARCHAR]) - [10]
2021-04-20 04:34:18.549 TRACE 24352 --- [           main] o.h.type.descriptor.sql.BasicExtractor   : extracted value ([drug_id4_1_1_] : [VARCHAR]) - [PD3]
2021-04-20 04:34:18.549 TRACE 24352 --- [           main] o.h.type.descriptor.sql.BasicExtractor   : extracted value ([location2_1_1_] : [VARCHAR]) - [Bangalore]
2021-04-20 04:34:18.549 TRACE 24352 --- [           main] o.h.type.descriptor.sql.BasicExtractor   : extracted value ([quantity3_1_1_] : [INTEGER]) - [100]
2021-04-20 04:34:18.550 TRACE 24352 --- [           main] o.h.type.descriptor.sql.BasicExtractor   : extracted value ([drug_id4_1_0_] : [VARCHAR]) - [PD3]
2021-04-20 04:34:18.550 TRACE 24352 --- [           main] o.h.type.descriptor.sql.BasicExtractor   : extracted value ([serial_i1_1_0_] : [VARCHAR]) - [10]
2021-04-20 04:34:18.551 DEBUG 24352 --- [           main] org.hibernate.SQL                        : select druglocati0_.drug_id as drug_id4_1_0_, druglocati0_.serial_id as serial_i1_1_0_, druglocati0_.serial_id as serial_i1_1_1_, druglocati0_.drug_id as drug_id4_1_1_, druglocati0_.location as location2_1_1_, druglocati0_.quantity as quantity3_1_1_ from drug_location_details druglocati0_ where druglocati0_.drug_id=?
Hibernate: select druglocati0_.drug_id as drug_id4_1_0_, druglocati0_.serial_id as serial_i1_1_0_, druglocati0_.serial_id as serial_i1_1_1_, druglocati0_.drug_id as drug_id4_1_1_, druglocati0_.location as location2_1_1_, druglocati0_.quantity as quantity3_1_1_ from drug_location_details druglocati0_ where druglocati0_.drug_id=?
2021-04-20 04:34:18.552 TRACE 24352 --- [           main] o.h.type.descriptor.sql.BasicBinder      : binding parameter [1] as [VARCHAR] - [PD1]
2021-04-20 04:34:18.554 TRACE 24352 --- [           main] o.h.type.descriptor.sql.BasicExtractor   : extracted value ([serial_i1_1_1_] : [VARCHAR]) - [11]
2021-04-20 04:34:18.555 TRACE 24352 --- [           main] o.h.type.descriptor.sql.BasicExtractor   : extracted value ([drug_id4_1_1_] : [VARCHAR]) - [PD1]
2021-04-20 04:34:18.555 TRACE 24352 --- [           main] o.h.type.descriptor.sql.BasicExtractor   : extracted value ([location2_1_1_] : [VARCHAR]) - [Pune]
2021-04-20 04:34:18.556 TRACE 24352 --- [           main] o.h.type.descriptor.sql.BasicExtractor   : extracted value ([quantity3_1_1_] : [INTEGER]) - [100]
2021-04-20 04:34:18.556 TRACE 24352 --- [           main] o.h.type.descriptor.sql.BasicExtractor   : extracted value ([drug_id4_1_0_] : [VARCHAR]) - [PD1]
2021-04-20 04:34:18.557 TRACE 24352 --- [           main] o.h.type.descriptor.sql.BasicExtractor   : extracted value ([serial_i1_1_0_] : [VARCHAR]) - [11]
2021-04-20 04:34:18.557 TRACE 24352 --- [           main] o.h.type.descriptor.sql.BasicExtractor   : extracted value ([serial_i1_1_1_] : [VARCHAR]) - [12]
2021-04-20 04:34:18.558 TRACE 24352 --- [           main] o.h.type.descriptor.sql.BasicExtractor   : extracted value ([drug_id4_1_1_] : [VARCHAR]) - [PD1]
2021-04-20 04:34:18.558 TRACE 24352 --- [           main] o.h.type.descriptor.sql.BasicExtractor   : extracted value ([location2_1_1_] : [VARCHAR]) - [Bangalore]
2021-04-20 04:34:18.558 TRACE 24352 --- [           main] o.h.type.descriptor.sql.BasicExtractor   : extracted value ([quantity3_1_1_] : [INTEGER]) - [100]
2021-04-20 04:34:18.558 TRACE 24352 --- [           main] o.h.type.descriptor.sql.BasicExtractor   : extracted value ([drug_id4_1_0_] : [VARCHAR]) - [PD1]
2021-04-20 04:34:18.558 TRACE 24352 --- [           main] o.h.type.descriptor.sql.BasicExtractor   : extracted value ([serial_i1_1_0_] : [VARCHAR]) - [12]
2021-04-20 04:34:18.559 DEBUG 24352 --- [           main] org.hibernate.SQL                        : select druglocati0_.drug_id as drug_id4_1_0_, druglocati0_.serial_id as serial_i1_1_0_, druglocati0_.serial_id as serial_i1_1_1_, druglocati0_.drug_id as drug_id4_1_1_, druglocati0_.location as location2_1_1_, druglocati0_.quantity as quantity3_1_1_ from drug_location_details druglocati0_ where druglocati0_.drug_id=?
Hibernate: select druglocati0_.drug_id as drug_id4_1_0_, druglocati0_.serial_id as serial_i1_1_0_, druglocati0_.serial_id as serial_i1_1_1_, druglocati0_.drug_id as drug_id4_1_1_, druglocati0_.location as location2_1_1_, druglocati0_.quantity as quantity3_1_1_ from drug_location_details druglocati0_ where druglocati0_.drug_id=?
2021-04-20 04:34:18.560 TRACE 24352 --- [           main] o.h.type.descriptor.sql.BasicBinder      : binding parameter [1] as [VARCHAR] - [ED1]
2021-04-20 04:34:18.561 TRACE 24352 --- [           main] o.h.type.descriptor.sql.BasicExtractor   : extracted value ([serial_i1_1_1_] : [VARCHAR]) - [13]
2021-04-20 04:34:18.561 TRACE 24352 --- [           main] o.h.type.descriptor.sql.BasicExtractor   : extracted value ([drug_id4_1_1_] : [VARCHAR]) - [ED1]
2021-04-20 04:34:18.561 TRACE 24352 --- [           main] o.h.type.descriptor.sql.BasicExtractor   : extracted value ([location2_1_1_] : [VARCHAR]) - [Pune]
2021-04-20 04:34:18.561 TRACE 24352 --- [           main] o.h.type.descriptor.sql.BasicExtractor   : extracted value ([quantity3_1_1_] : [INTEGER]) - [100]
2021-04-20 04:34:18.562 TRACE 24352 --- [           main] o.h.type.descriptor.sql.BasicExtractor   : extracted value ([drug_id4_1_0_] : [VARCHAR]) - [ED1]
2021-04-20 04:34:18.562 TRACE 24352 --- [           main] o.h.type.descriptor.sql.BasicExtractor   : extracted value ([serial_i1_1_0_] : [VARCHAR]) - [13]
2021-04-20 04:34:18.562 TRACE 24352 --- [           main] o.h.type.descriptor.sql.BasicExtractor   : extracted value ([serial_i1_1_1_] : [VARCHAR]) - [14]
2021-04-20 04:34:18.563 TRACE 24352 --- [           main] o.h.type.descriptor.sql.BasicExtractor   : extracted value ([drug_id4_1_1_] : [VARCHAR]) - [ED1]
2021-04-20 04:34:18.563 TRACE 24352 --- [           main] o.h.type.descriptor.sql.BasicExtractor   : extracted value ([location2_1_1_] : [VARCHAR]) - [Bangalore]
2021-04-20 04:34:18.563 TRACE 24352 --- [           main] o.h.type.descriptor.sql.BasicExtractor   : extracted value ([quantity3_1_1_] : [INTEGER]) - [100]
2021-04-20 04:34:18.563 TRACE 24352 --- [           main] o.h.type.descriptor.sql.BasicExtractor   : extracted value ([drug_id4_1_0_] : [VARCHAR]) - [ED1]
2021-04-20 04:34:18.563 TRACE 24352 --- [           main] o.h.type.descriptor.sql.BasicExtractor   : extracted value ([serial_i1_1_0_] : [VARCHAR]) - [14]
2021-04-20 04:34:18.564 DEBUG 24352 --- [           main] org.hibernate.SQL                        : select druglocati0_.drug_id as drug_id4_1_0_, druglocati0_.serial_id as serial_i1_1_0_, druglocati0_.serial_id as serial_i1_1_1_, druglocati0_.drug_id as drug_id4_1_1_, druglocati0_.location as location2_1_1_, druglocati0_.quantity as quantity3_1_1_ from drug_location_details druglocati0_ where druglocati0_.drug_id=?
Hibernate: select druglocati0_.drug_id as drug_id4_1_0_, druglocati0_.serial_id as serial_i1_1_0_, druglocati0_.serial_id as serial_i1_1_1_, druglocati0_.drug_id as drug_id4_1_1_, druglocati0_.location as location2_1_1_, druglocati0_.quantity as quantity3_1_1_ from drug_location_details druglocati0_ where druglocati0_.drug_id=?
2021-04-20 04:34:18.565 TRACE 24352 --- [           main] o.h.type.descriptor.sql.BasicBinder      : binding parameter [1] as [VARCHAR] - [AS1]
2021-04-20 04:34:18.566 TRACE 24352 --- [           main] o.h.type.descriptor.sql.BasicExtractor   : extracted value ([serial_i1_1_1_] : [VARCHAR]) - [15]
2021-04-20 04:34:18.566 TRACE 24352 --- [           main] o.h.type.descriptor.sql.BasicExtractor   : extracted value ([drug_id4_1_1_] : [VARCHAR]) - [AS1]
2021-04-20 04:34:18.566 TRACE 24352 --- [           main] o.h.type.descriptor.sql.BasicExtractor   : extracted value ([location2_1_1_] : [VARCHAR]) - [Pune]
2021-04-20 04:34:18.566 TRACE 24352 --- [           main] o.h.type.descriptor.sql.BasicExtractor   : extracted value ([quantity3_1_1_] : [INTEGER]) - [100]
2021-04-20 04:34:18.566 TRACE 24352 --- [           main] o.h.type.descriptor.sql.BasicExtractor   : extracted value ([drug_id4_1_0_] : [VARCHAR]) - [AS1]
2021-04-20 04:34:18.567 TRACE 24352 --- [           main] o.h.type.descriptor.sql.BasicExtractor   : extracted value ([serial_i1_1_0_] : [VARCHAR]) - [15]
2021-04-20 04:34:18.567 TRACE 24352 --- [           main] o.h.type.descriptor.sql.BasicExtractor   : extracted value ([serial_i1_1_1_] : [VARCHAR]) - [16]
2021-04-20 04:34:18.567 TRACE 24352 --- [           main] o.h.type.descriptor.sql.BasicExtractor   : extracted value ([drug_id4_1_1_] : [VARCHAR]) - [AS1]
2021-04-20 04:34:18.567 TRACE 24352 --- [           main] o.h.type.descriptor.sql.BasicExtractor   : extracted value ([location2_1_1_] : [VARCHAR]) - [Bangalore]
2021-04-20 04:34:18.567 TRACE 24352 --- [           main] o.h.type.descriptor.sql.BasicExtractor   : extracted value ([quantity3_1_1_] : [INTEGER]) - [100]
2021-04-20 04:34:18.567 TRACE 24352 --- [           main] o.h.type.descriptor.sql.BasicExtractor   : extracted value ([drug_id4_1_0_] : [VARCHAR]) - [AS1]
2021-04-20 04:34:18.567 TRACE 24352 --- [           main] o.h.type.descriptor.sql.BasicExtractor   : extracted value ([serial_i1_1_0_] : [VARCHAR]) - [16]
2021-04-20 04:34:18.581 DEBUG 24352 --- [           main] org.hibernate.SQL                        : select druglocati0_.drug_id as drug_id4_1_0_, druglocati0_.serial_id as serial_i1_1_0_, druglocati0_.serial_id as serial_i1_1_1_, druglocati0_.drug_id as drug_id4_1_1_, druglocati0_.location as location2_1_1_, druglocati0_.quantity as quantity3_1_1_ from drug_location_details druglocati0_ where druglocati0_.drug_id=?
Hibernate: select druglocati0_.drug_id as drug_id4_1_0_, druglocati0_.serial_id as serial_i1_1_0_, druglocati0_.serial_id as serial_i1_1_1_, druglocati0_.drug_id as drug_id4_1_1_, druglocati0_.location as location2_1_1_, druglocati0_.quantity as quantity3_1_1_ from drug_location_details druglocati0_ where druglocati0_.drug_id=?
2021-04-20 04:34:18.582 TRACE 24352 --- [           main] o.h.type.descriptor.sql.BasicBinder      : binding parameter [1] as [VARCHAR] - [DO1]
2021-04-20 04:34:18.583 TRACE 24352 --- [           main] o.h.type.descriptor.sql.BasicExtractor   : extracted value ([serial_i1_1_1_] : [VARCHAR]) - [43]
2021-04-20 04:34:18.584 TRACE 24352 --- [           main] o.h.type.descriptor.sql.BasicExtractor   : extracted value ([drug_id4_1_1_] : [VARCHAR]) - [DO1]
2021-04-20 04:34:18.584 TRACE 24352 --- [           main] o.h.type.descriptor.sql.BasicExtractor   : extracted value ([location2_1_1_] : [VARCHAR]) - [Pune]
2021-04-20 04:34:18.584 TRACE 24352 --- [           main] o.h.type.descriptor.sql.BasicExtractor   : extracted value ([quantity3_1_1_] : [INTEGER]) - [100]
2021-04-20 04:34:18.584 TRACE 24352 --- [           main] o.h.type.descriptor.sql.BasicExtractor   : extracted value ([drug_id4_1_0_] : [VARCHAR]) - [DO1]
2021-04-20 04:34:18.584 TRACE 24352 --- [           main] o.h.type.descriptor.sql.BasicExtractor   : extracted value ([serial_i1_1_0_] : [VARCHAR]) - [43]
2021-04-20 04:34:18.588 TRACE 24352 --- [           main] o.h.type.descriptor.sql.BasicExtractor   : extracted value ([serial_i1_1_1_] : [VARCHAR]) - [44]
2021-04-20 04:34:18.588 TRACE 24352 --- [           main] o.h.type.descriptor.sql.BasicExtractor   : extracted value ([drug_id4_1_1_] : [VARCHAR]) - [DO1]
2021-04-20 04:34:18.588 TRACE 24352 --- [           main] o.h.type.descriptor.sql.BasicExtractor   : extracted value ([location2_1_1_] : [VARCHAR]) - [Bangalore]
2021-04-20 04:34:18.588 TRACE 24352 --- [           main] o.h.type.descriptor.sql.BasicExtractor   : extracted value ([quantity3_1_1_] : [INTEGER]) - [100]
2021-04-20 04:34:18.589 TRACE 24352 --- [           main] o.h.type.descriptor.sql.BasicExtractor   : extracted value ([drug_id4_1_0_] : [VARCHAR]) - [DO1]
2021-04-20 04:34:18.590 TRACE 24352 --- [           main] o.h.type.descriptor.sql.BasicExtractor   : extracted value ([serial_i1_1_0_] : [VARCHAR]) - [44]
2021-04-20 04:34:18.592 DEBUG 24352 --- [           main] org.hibernate.SQL                        : select druglocati0_.drug_id as drug_id4_1_0_, druglocati0_.serial_id as serial_i1_1_0_, druglocati0_.serial_id as serial_i1_1_1_, druglocati0_.drug_id as drug_id4_1_1_, druglocati0_.location as location2_1_1_, druglocati0_.quantity as quantity3_1_1_ from drug_location_details druglocati0_ where druglocati0_.drug_id=?
Hibernate: select druglocati0_.drug_id as drug_id4_1_0_, druglocati0_.serial_id as serial_i1_1_0_, druglocati0_.serial_id as serial_i1_1_1_, druglocati0_.drug_id as drug_id4_1_1_, druglocati0_.location as location2_1_1_, druglocati0_.quantity as quantity3_1_1_ from drug_location_details druglocati0_ where druglocati0_.drug_id=?
2021-04-20 04:34:18.592 TRACE 24352 --- [           main] o.h.type.descriptor.sql.BasicBinder      : binding parameter [1] as [VARCHAR] - [EA1]
2021-04-20 04:34:18.593 TRACE 24352 --- [           main] o.h.type.descriptor.sql.BasicExtractor   : extracted value ([serial_i1_1_1_] : [VARCHAR]) - [17]
2021-04-20 04:34:18.593 TRACE 24352 --- [           main] o.h.type.descriptor.sql.BasicExtractor   : extracted value ([drug_id4_1_1_] : [VARCHAR]) - [EA1]
2021-04-20 04:34:18.593 TRACE 24352 --- [           main] o.h.type.descriptor.sql.BasicExtractor   : extracted value ([location2_1_1_] : [VARCHAR]) - [Pune]
2021-04-20 04:34:18.594 TRACE 24352 --- [           main] o.h.type.descriptor.sql.BasicExtractor   : extracted value ([quantity3_1_1_] : [INTEGER]) - [100]
2021-04-20 04:34:18.594 TRACE 24352 --- [           main] o.h.type.descriptor.sql.BasicExtractor   : extracted value ([drug_id4_1_0_] : [VARCHAR]) - [EA1]
2021-04-20 04:34:18.594 TRACE 24352 --- [           main] o.h.type.descriptor.sql.BasicExtractor   : extracted value ([serial_i1_1_0_] : [VARCHAR]) - [17]
2021-04-20 04:34:18.594 TRACE 24352 --- [           main] o.h.type.descriptor.sql.BasicExtractor   : extracted value ([serial_i1_1_1_] : [VARCHAR]) - [18]
2021-04-20 04:34:18.595 TRACE 24352 --- [           main] o.h.type.descriptor.sql.BasicExtractor   : extracted value ([drug_id4_1_1_] : [VARCHAR]) - [EA1]
2021-04-20 04:34:18.595 TRACE 24352 --- [           main] o.h.type.descriptor.sql.BasicExtractor   : extracted value ([location2_1_1_] : [VARCHAR]) - [Bangalore]
2021-04-20 04:34:18.595 TRACE 24352 --- [           main] o.h.type.descriptor.sql.BasicExtractor   : extracted value ([quantity3_1_1_] : [INTEGER]) - [100]
2021-04-20 04:34:18.596 TRACE 24352 --- [           main] o.h.type.descriptor.sql.BasicExtractor   : extracted value ([drug_id4_1_0_] : [VARCHAR]) - [EA1]
2021-04-20 04:34:18.596 TRACE 24352 --- [           main] o.h.type.descriptor.sql.BasicExtractor   : extracted value ([serial_i1_1_0_] : [VARCHAR]) - [18]
2021-04-20 04:34:18.597 DEBUG 24352 --- [           main] org.hibernate.SQL                        : select druglocati0_.drug_id as drug_id4_1_0_, druglocati0_.serial_id as serial_i1_1_0_, druglocati0_.serial_id as serial_i1_1_1_, druglocati0_.drug_id as drug_id4_1_1_, druglocati0_.location as location2_1_1_, druglocati0_.quantity as quantity3_1_1_ from drug_location_details druglocati0_ where druglocati0_.drug_id=?
Hibernate: select druglocati0_.drug_id as drug_id4_1_0_, druglocati0_.serial_id as serial_i1_1_0_, druglocati0_.serial_id as serial_i1_1_1_, druglocati0_.drug_id as drug_id4_1_1_, druglocati0_.location as location2_1_1_, druglocati0_.quantity as quantity3_1_1_ from drug_location_details druglocati0_ where druglocati0_.drug_id=?
2021-04-20 04:34:18.597 TRACE 24352 --- [           main] o.h.type.descriptor.sql.BasicBinder      : binding parameter [1] as [VARCHAR] - [CE1]
2021-04-20 04:34:18.598 TRACE 24352 --- [           main] o.h.type.descriptor.sql.BasicExtractor   : extracted value ([serial_i1_1_1_] : [VARCHAR]) - [19]
2021-04-20 04:34:18.599 TRACE 24352 --- [           main] o.h.type.descriptor.sql.BasicExtractor   : extracted value ([drug_id4_1_1_] : [VARCHAR]) - [CE1]
2021-04-20 04:34:18.599 TRACE 24352 --- [           main] o.h.type.descriptor.sql.BasicExtractor   : extracted value ([location2_1_1_] : [VARCHAR]) - [Pune]
2021-04-20 04:34:18.599 TRACE 24352 --- [           main] o.h.type.descriptor.sql.BasicExtractor   : extracted value ([quantity3_1_1_] : [INTEGER]) - [100]
2021-04-20 04:34:18.599 TRACE 24352 --- [           main] o.h.type.descriptor.sql.BasicExtractor   : extracted value ([drug_id4_1_0_] : [VARCHAR]) - [CE1]
2021-04-20 04:34:18.600 TRACE 24352 --- [           main] o.h.type.descriptor.sql.BasicExtractor   : extracted value ([serial_i1_1_0_] : [VARCHAR]) - [19]
2021-04-20 04:34:18.600 TRACE 24352 --- [           main] o.h.type.descriptor.sql.BasicExtractor   : extracted value ([serial_i1_1_1_] : [VARCHAR]) - [20]
2021-04-20 04:34:18.600 TRACE 24352 --- [           main] o.h.type.descriptor.sql.BasicExtractor   : extracted value ([drug_id4_1_1_] : [VARCHAR]) - [CE1]
2021-04-20 04:34:18.600 TRACE 24352 --- [           main] o.h.type.descriptor.sql.BasicExtractor   : extracted value ([location2_1_1_] : [VARCHAR]) - [Bangalore]
2021-04-20 04:34:18.600 TRACE 24352 --- [           main] o.h.type.descriptor.sql.BasicExtractor   : extracted value ([quantity3_1_1_] : [INTEGER]) - [100]
2021-04-20 04:34:18.601 TRACE 24352 --- [           main] o.h.type.descriptor.sql.BasicExtractor   : extracted value ([drug_id4_1_0_] : [VARCHAR]) - [CE1]
2021-04-20 04:34:18.602 TRACE 24352 --- [           main] o.h.type.descriptor.sql.BasicExtractor   : extracted value ([serial_i1_1_0_] : [VARCHAR]) - [20]
2021-04-20 04:34:18.604 DEBUG 24352 --- [           main] org.hibernate.SQL                        : select druglocati0_.drug_id as drug_id4_1_0_, druglocati0_.serial_id as serial_i1_1_0_, druglocati0_.serial_id as serial_i1_1_1_, druglocati0_.drug_id as drug_id4_1_1_, druglocati0_.location as location2_1_1_, druglocati0_.quantity as quantity3_1_1_ from drug_location_details druglocati0_ where druglocati0_.drug_id=?
Hibernate: select druglocati0_.drug_id as drug_id4_1_0_, druglocati0_.serial_id as serial_i1_1_0_, druglocati0_.serial_id as serial_i1_1_1_, druglocati0_.drug_id as drug_id4_1_1_, druglocati0_.location as location2_1_1_, druglocati0_.quantity as quantity3_1_1_ from drug_location_details druglocati0_ where druglocati0_.drug_id=?
2021-04-20 04:34:18.605 TRACE 24352 --- [           main] o.h.type.descriptor.sql.BasicBinder      : binding parameter [1] as [VARCHAR] - [SU1]
2021-04-20 04:34:18.606 TRACE 24352 --- [           main] o.h.type.descriptor.sql.BasicExtractor   : extracted value ([serial_i1_1_1_] : [VARCHAR]) - [21]
2021-04-20 04:34:18.606 TRACE 24352 --- [           main] o.h.type.descriptor.sql.BasicExtractor   : extracted value ([drug_id4_1_1_] : [VARCHAR]) - [SU1]
2021-04-20 04:34:18.606 TRACE 24352 --- [           main] o.h.type.descriptor.sql.BasicExtractor   : extracted value ([location2_1_1_] : [VARCHAR]) - [Pune]
2021-04-20 04:34:18.606 TRACE 24352 --- [           main] o.h.type.descriptor.sql.BasicExtractor   : extracted value ([quantity3_1_1_] : [INTEGER]) - [100]
2021-04-20 04:34:18.606 TRACE 24352 --- [           main] o.h.type.descriptor.sql.BasicExtractor   : extracted value ([drug_id4_1_0_] : [VARCHAR]) - [SU1]
2021-04-20 04:34:18.607 TRACE 24352 --- [           main] o.h.type.descriptor.sql.BasicExtractor   : extracted value ([serial_i1_1_0_] : [VARCHAR]) - [21]
2021-04-20 04:34:18.607 TRACE 24352 --- [           main] o.h.type.descriptor.sql.BasicExtractor   : extracted value ([serial_i1_1_1_] : [VARCHAR]) - [22]
2021-04-20 04:34:18.607 TRACE 24352 --- [           main] o.h.type.descriptor.sql.BasicExtractor   : extracted value ([drug_id4_1_1_] : [VARCHAR]) - [SU1]
2021-04-20 04:34:18.607 TRACE 24352 --- [           main] o.h.type.descriptor.sql.BasicExtractor   : extracted value ([location2_1_1_] : [VARCHAR]) - [Bangalore]
2021-04-20 04:34:18.607 TRACE 24352 --- [           main] o.h.type.descriptor.sql.BasicExtractor   : extracted value ([quantity3_1_1_] : [INTEGER]) - [100]
2021-04-20 04:34:18.607 TRACE 24352 --- [           main] o.h.type.descriptor.sql.BasicExtractor   : extracted value ([drug_id4_1_0_] : [VARCHAR]) - [SU1]
2021-04-20 04:34:18.608 TRACE 24352 --- [           main] o.h.type.descriptor.sql.BasicExtractor   : extracted value ([serial_i1_1_0_] : [VARCHAR]) - [22]
2021-04-20 04:34:18.609 DEBUG 24352 --- [           main] org.hibernate.SQL                        : select druglocati0_.drug_id as drug_id4_1_0_, druglocati0_.serial_id as serial_i1_1_0_, druglocati0_.serial_id as serial_i1_1_1_, druglocati0_.drug_id as drug_id4_1_1_, druglocati0_.location as location2_1_1_, druglocati0_.quantity as quantity3_1_1_ from drug_location_details druglocati0_ where druglocati0_.drug_id=?
Hibernate: select druglocati0_.drug_id as drug_id4_1_0_, druglocati0_.serial_id as serial_i1_1_0_, druglocati0_.serial_id as serial_i1_1_1_, druglocati0_.drug_id as drug_id4_1_1_, druglocati0_.location as location2_1_1_, druglocati0_.quantity as quantity3_1_1_ from drug_location_details druglocati0_ where druglocati0_.drug_id=?
2021-04-20 04:34:18.609 TRACE 24352 --- [           main] o.h.type.descriptor.sql.BasicBinder      : binding parameter [1] as [VARCHAR] - [BE1]
2021-04-20 04:34:18.610 TRACE 24352 --- [           main] o.h.type.descriptor.sql.BasicExtractor   : extracted value ([serial_i1_1_1_] : [VARCHAR]) - [23]
2021-04-20 04:34:18.610 TRACE 24352 --- [           main] o.h.type.descriptor.sql.BasicExtractor   : extracted value ([drug_id4_1_1_] : [VARCHAR]) - [BE1]
2021-04-20 04:34:18.610 TRACE 24352 --- [           main] o.h.type.descriptor.sql.BasicExtractor   : extracted value ([location2_1_1_] : [VARCHAR]) - [Pune]
2021-04-20 04:34:18.610 TRACE 24352 --- [           main] o.h.type.descriptor.sql.BasicExtractor   : extracted value ([quantity3_1_1_] : [INTEGER]) - [100]
2021-04-20 04:34:18.611 TRACE 24352 --- [           main] o.h.type.descriptor.sql.BasicExtractor   : extracted value ([drug_id4_1_0_] : [VARCHAR]) - [BE1]
2021-04-20 04:34:18.611 TRACE 24352 --- [           main] o.h.type.descriptor.sql.BasicExtractor   : extracted value ([serial_i1_1_0_] : [VARCHAR]) - [23]
2021-04-20 04:34:18.611 TRACE 24352 --- [           main] o.h.type.descriptor.sql.BasicExtractor   : extracted value ([serial_i1_1_1_] : [VARCHAR]) - [24]
2021-04-20 04:34:18.612 TRACE 24352 --- [           main] o.h.type.descriptor.sql.BasicExtractor   : extracted value ([drug_id4_1_1_] : [VARCHAR]) - [BE1]
2021-04-20 04:34:18.612 TRACE 24352 --- [           main] o.h.type.descriptor.sql.BasicExtractor   : extracted value ([location2_1_1_] : [VARCHAR]) - [Bangalore]
2021-04-20 04:34:18.612 TRACE 24352 --- [           main] o.h.type.descriptor.sql.BasicExtractor   : extracted value ([quantity3_1_1_] : [INTEGER]) - [100]
2021-04-20 04:34:18.612 TRACE 24352 --- [           main] o.h.type.descriptor.sql.BasicExtractor   : extracted value ([drug_id4_1_0_] : [VARCHAR]) - [BE1]
2021-04-20 04:34:18.612 TRACE 24352 --- [           main] o.h.type.descriptor.sql.BasicExtractor   : extracted value ([serial_i1_1_0_] : [VARCHAR]) - [24]
2021-04-20 04:34:18.616 DEBUG 24352 --- [           main] org.hibernate.SQL                        : select druglocati0_.drug_id as drug_id4_1_0_, druglocati0_.serial_id as serial_i1_1_0_, druglocati0_.serial_id as serial_i1_1_1_, druglocati0_.drug_id as drug_id4_1_1_, druglocati0_.location as location2_1_1_, druglocati0_.quantity as quantity3_1_1_ from drug_location_details druglocati0_ where druglocati0_.drug_id=?
Hibernate: select druglocati0_.drug_id as drug_id4_1_0_, druglocati0_.serial_id as serial_i1_1_0_, druglocati0_.serial_id as serial_i1_1_1_, druglocati0_.drug_id as drug_id4_1_1_, druglocati0_.location as location2_1_1_, druglocati0_.quantity as quantity3_1_1_ from drug_location_details druglocati0_ where druglocati0_.drug_id=?
2021-04-20 04:34:18.616 TRACE 24352 --- [           main] o.h.type.descriptor.sql.BasicBinder      : binding parameter [1] as [VARCHAR] - [EV1]
2021-04-20 04:34:18.617 TRACE 24352 --- [           main] o.h.type.descriptor.sql.BasicExtractor   : extracted value ([serial_i1_1_1_] : [VARCHAR]) - [25]
2021-04-20 04:34:18.617 TRACE 24352 --- [           main] o.h.type.descriptor.sql.BasicExtractor   : extracted value ([drug_id4_1_1_] : [VARCHAR]) - [EV1]
2021-04-20 04:34:18.618 TRACE 24352 --- [           main] o.h.type.descriptor.sql.BasicExtractor   : extracted value ([location2_1_1_] : [VARCHAR]) - [Pune]
2021-04-20 04:34:18.618 TRACE 24352 --- [           main] o.h.type.descriptor.sql.BasicExtractor   : extracted value ([quantity3_1_1_] : [INTEGER]) - [100]
2021-04-20 04:34:18.618 TRACE 24352 --- [           main] o.h.type.descriptor.sql.BasicExtractor   : extracted value ([drug_id4_1_0_] : [VARCHAR]) - [EV1]
2021-04-20 04:34:18.618 TRACE 24352 --- [           main] o.h.type.descriptor.sql.BasicExtractor   : extracted value ([serial_i1_1_0_] : [VARCHAR]) - [25]
2021-04-20 04:34:18.618 TRACE 24352 --- [           main] o.h.type.descriptor.sql.BasicExtractor   : extracted value ([serial_i1_1_1_] : [VARCHAR]) - [26]
2021-04-20 04:34:18.618 TRACE 24352 --- [           main] o.h.type.descriptor.sql.BasicExtractor   : extracted value ([drug_id4_1_1_] : [VARCHAR]) - [EV1]
2021-04-20 04:34:18.619 TRACE 24352 --- [           main] o.h.type.descriptor.sql.BasicExtractor   : extracted value ([location2_1_1_] : [VARCHAR]) - [Bangalore]
2021-04-20 04:34:18.619 TRACE 24352 --- [           main] o.h.type.descriptor.sql.BasicExtractor   : extracted value ([quantity3_1_1_] : [INTEGER]) - [100]
2021-04-20 04:34:18.619 TRACE 24352 --- [           main] o.h.type.descriptor.sql.BasicExtractor   : extracted value ([drug_id4_1_0_] : [VARCHAR]) - [EV1]
2021-04-20 04:34:18.620 TRACE 24352 --- [           main] o.h.type.descriptor.sql.BasicExtractor   : extracted value ([serial_i1_1_0_] : [VARCHAR]) - [26]
2021-04-20 04:34:18.632 DEBUG 24352 --- [           main] org.hibernate.SQL                        : select druglocati0_.drug_id as drug_id4_1_0_, druglocati0_.serial_id as serial_i1_1_0_, druglocati0_.serial_id as serial_i1_1_1_, druglocati0_.drug_id as drug_id4_1_1_, druglocati0_.location as location2_1_1_, druglocati0_.quantity as quantity3_1_1_ from drug_location_details druglocati0_ where druglocati0_.drug_id=?
Hibernate: select druglocati0_.drug_id as drug_id4_1_0_, druglocati0_.serial_id as serial_i1_1_0_, druglocati0_.serial_id as serial_i1_1_1_, druglocati0_.drug_id as drug_id4_1_1_, druglocati0_.location as location2_1_1_, druglocati0_.quantity as quantity3_1_1_ from drug_location_details druglocati0_ where druglocati0_.drug_id=?
2021-04-20 04:34:18.634 TRACE 24352 --- [           main] o.h.type.descriptor.sql.BasicBinder      : binding parameter [1] as [VARCHAR] - [LI1]
2021-04-20 04:34:18.640 TRACE 24352 --- [           main] o.h.type.descriptor.sql.BasicExtractor   : extracted value ([serial_i1_1_1_] : [VARCHAR]) - [27]
2021-04-20 04:34:18.642 TRACE 24352 --- [           main] o.h.type.descriptor.sql.BasicExtractor   : extracted value ([drug_id4_1_1_] : [VARCHAR]) - [LI1]
2021-04-20 04:34:18.644 TRACE 24352 --- [           main] o.h.type.descriptor.sql.BasicExtractor   : extracted value ([location2_1_1_] : [VARCHAR]) - [Pune]
2021-04-20 04:34:18.644 TRACE 24352 --- [           main] o.h.type.descriptor.sql.BasicExtractor   : extracted value ([quantity3_1_1_] : [INTEGER]) - [100]
2021-04-20 04:34:18.645 TRACE 24352 --- [           main] o.h.type.descriptor.sql.BasicExtractor   : extracted value ([drug_id4_1_0_] : [VARCHAR]) - [LI1]
2021-04-20 04:34:18.645 TRACE 24352 --- [           main] o.h.type.descriptor.sql.BasicExtractor   : extracted value ([serial_i1_1_0_] : [VARCHAR]) - [27]
2021-04-20 04:34:18.645 TRACE 24352 --- [           main] o.h.type.descriptor.sql.BasicExtractor   : extracted value ([serial_i1_1_1_] : [VARCHAR]) - [28]
2021-04-20 04:34:18.646 TRACE 24352 --- [           main] o.h.type.descriptor.sql.BasicExtractor   : extracted value ([drug_id4_1_1_] : [VARCHAR]) - [LI1]
2021-04-20 04:34:18.646 TRACE 24352 --- [           main] o.h.type.descriptor.sql.BasicExtractor   : extracted value ([location2_1_1_] : [VARCHAR]) - [Bangalore]
2021-04-20 04:34:18.646 TRACE 24352 --- [           main] o.h.type.descriptor.sql.BasicExtractor   : extracted value ([quantity3_1_1_] : [INTEGER]) - [100]
2021-04-20 04:34:18.646 TRACE 24352 --- [           main] o.h.type.descriptor.sql.BasicExtractor   : extracted value ([drug_id4_1_0_] : [VARCHAR]) - [LI1]
2021-04-20 04:34:18.647 TRACE 24352 --- [           main] o.h.type.descriptor.sql.BasicExtractor   : extracted value ([serial_i1_1_0_] : [VARCHAR]) - [28]
2021-04-20 04:34:18.648 DEBUG 24352 --- [           main] org.hibernate.SQL                        : select druglocati0_.drug_id as drug_id4_1_0_, druglocati0_.serial_id as serial_i1_1_0_, druglocati0_.serial_id as serial_i1_1_1_, druglocati0_.drug_id as drug_id4_1_1_, druglocati0_.location as location2_1_1_, druglocati0_.quantity as quantity3_1_1_ from drug_location_details druglocati0_ where druglocati0_.drug_id=?
Hibernate: select druglocati0_.drug_id as drug_id4_1_0_, druglocati0_.serial_id as serial_i1_1_0_, druglocati0_.serial_id as serial_i1_1_1_, druglocati0_.drug_id as drug_id4_1_1_, druglocati0_.location as location2_1_1_, druglocati0_.quantity as quantity3_1_1_ from drug_location_details druglocati0_ where druglocati0_.drug_id=?
2021-04-20 04:34:18.649 TRACE 24352 --- [           main] o.h.type.descriptor.sql.BasicBinder      : binding parameter [1] as [VARCHAR] - [TE1]
2021-04-20 04:34:18.650 TRACE 24352 --- [           main] o.h.type.descriptor.sql.BasicExtractor   : extracted value ([serial_i1_1_1_] : [VARCHAR]) - [29]
2021-04-20 04:34:18.651 TRACE 24352 --- [           main] o.h.type.descriptor.sql.BasicExtractor   : extracted value ([drug_id4_1_1_] : [VARCHAR]) - [TE1]
2021-04-20 04:34:18.652 TRACE 24352 --- [           main] o.h.type.descriptor.sql.BasicExtractor   : extracted value ([location2_1_1_] : [VARCHAR]) - [Pune]
2021-04-20 04:34:18.652 TRACE 24352 --- [           main] o.h.type.descriptor.sql.BasicExtractor   : extracted value ([quantity3_1_1_] : [INTEGER]) - [100]
2021-04-20 04:34:18.654 TRACE 24352 --- [           main] o.h.type.descriptor.sql.BasicExtractor   : extracted value ([drug_id4_1_0_] : [VARCHAR]) - [TE1]
[...]
2021-04-20 04:34:18.668 TRACE 24352 --- [           main] o.h.type.descriptor.sql.BasicExtractor   : extracted value ([drug_id4_1_1_] : [VARCHAR]) - [CO1]
2021-04-20 04:34:18.668 TRACE 24352 --- [           main] o.h.type.descriptor.sql.BasicExtractor   : extracted value ([location2_1_1_] : [VARCHAR]) - [Pune]
2021-04-20 04:34:18.669 TRACE 24352 --- [           main] o.h.type.descriptor.sql.BasicExtractor   : extracted value ([quantity3_1_1_] : [INTEGER]) - [100]
2021-04-20 04:34:18.669 TRACE 24352 --- [           main] o.h.type.descriptor.sql.BasicExtractor   : extracted value ([drug_id4_1_0_] : [VARCHAR]) - [CO1]
2021-04-20 04:34:18.670 TRACE 24352 --- [           main] o.h.type.descriptor.sql.BasicExtractor   : extracted value ([serial_i1_1_0_] : [VARCHAR]) - [33]
2021-04-20 04:34:18.671 TRACE 24352 --- [           main] o.h.type.descriptor.sql.BasicExtractor   : extracted value ([serial_i1_1_1_] : [VARCHAR]) - [34]
2021-04-20 04:34:18.672 TRACE 24352 --- [           main] o.h.type.descriptor.sql.BasicExtractor   : extracted value ([drug_id4_1_1_] : [VARCHAR]) - [CO1]
2021-04-20 04:34:18.672 TRACE 24352 --- [           main] o.h.type.descriptor.sql.BasicExtractor   : extracted value ([location2_1_1_] : [VARCHAR]) - [Bangalore]
2021-04-20 04:34:18.672 TRACE 24352 --- [           main] o.h.type.descriptor.sql.BasicExtractor   : extracted value ([quantity3_1_1_] : [INTEGER]) - [100]
2021-04-20 04:34:18.674 TRACE 24352 --- [           main] o.h.type.descriptor.sql.BasicExtractor   : extracted value ([drug_id4_1_0_] : [VARCHAR]) - [CO1]
2021-04-20 04:34:18.674 TRACE 24352 --- [           main] o.h.type.descriptor.sql.BasicExtractor   : extracted value ([serial_i1_1_0_] : [VARCHAR]) - [34]
2021-04-20 04:34:18.675 DEBUG 24352 --- [           main] org.hibernate.SQL                        : select druglocati0_.drug_id as drug_id4_1_0_, druglocati0_.serial_id as serial_i1_1_0_, druglocati0_.serial_id as serial_i1_1_1_, druglocati0_.drug_id as drug_id4_1_1_, druglocati0_.location as location2_1_1_, druglocati0_.quantity as quantity3_1_1_ from drug_location_details druglocati0_ where druglocati0_.drug_id=?
Hibernate: select druglocati0_.drug_id as drug_id4_1_0_, druglocati0_.serial_id as serial_i1_1_0_, druglocati0_.serial_id as serial_i1_1_1_, druglocati0_.drug_id as drug_id4_1_1_, druglocati0_.location as location2_1_1_, druglocati0_.quantity as quantity3_1_1_ from drug_location_details druglocati0_ where druglocati0_.drug_id=?
2021-04-20 04:34:18.675 TRACE 24352 --- [           main] o.h.type.descriptor.sql.BasicBinder      : binding parameter [1] as [VARCHAR] - [NO1]
2021-04-20 04:34:18.676 TRACE 24352 --- [           main] o.h.type.descriptor.sql.BasicExtractor   : extracted value ([serial_i1_1_1_] : [VARCHAR]) - [35]
2021-04-20 04:34:18.677 TRACE 24352 --- [           main] o.h.type.descriptor.sql.BasicExtractor   : extracted value ([drug_id4_1_1_] : [VARCHAR]) - [NO1]
2021-04-20 04:34:18.677 TRACE 24352 --- [           main] o.h.type.descriptor.sql.BasicExtractor   : extracted value ([location2_1_1_] : [VARCHAR]) - [Pune]
2021-04-20 04:34:18.678 TRACE 24352 --- [           main] o.h.type.descriptor.sql.BasicExtractor   : extracted value ([quantity3_1_1_] : [INTEGER]) - [100]
2021-04-20 04:34:18.678 TRACE 24352 --- [           main] o.h.type.descriptor.sql.BasicExtractor   : extracted value ([drug_id4_1_0_] : [VARCHAR]) - [NO1]
2021-04-20 04:34:18.679 TRACE 24352 --- [           main] o.h.type.descriptor.sql.BasicExtractor   : extracted value ([serial_i1_1_0_] : [VARCHAR]) - [35]
2021-04-20 04:34:18.680 TRACE 24352 --- [           main] o.h.type.descriptor.sql.BasicExtractor   : extracted value ([serial_i1_1_1_] : [VARCHAR]) - [36]
2021-04-20 04:34:18.680 TRACE 24352 --- [           main] o.h.type.descriptor.sql.BasicExtractor   : extracted value ([drug_id4_1_1_] : [VARCHAR]) - [NO1]
2021-04-20 04:34:18.680 TRACE 24352 --- [           main] o.h.type.descriptor.sql.BasicExtractor   : extracted value ([location2_1_1_] : [VARCHAR]) - [Bangalore]
2021-04-20 04:34:18.680 TRACE 24352 --- [           main] o.h.type.descriptor.sql.BasicExtractor   : extracted value ([quantity3_1_1_] : [INTEGER]) - [100]
2021-04-20 04:34:18.680 TRACE 24352 --- [           main] o.h.type.descriptor.sql.BasicExtractor   : extracted value ([drug_id4_1_0_] : [VARCHAR]) - [NO1]
2021-04-20 04:34:18.682 TRACE 24352 --- [           main] o.h.type.descriptor.sql.BasicExtractor   : extracted value ([serial_i1_1_0_] : [VARCHAR]) - [36]
2021-04-20 04:34:18.683 DEBUG 24352 --- [           main] org.hibernate.SQL                        : select druglocati0_.drug_id as drug_id4_1_0_, druglocati0_.serial_id as serial_i1_1_0_, druglocati0_.serial_id as serial_i1_1_1_, druglocati0_.drug_id as drug_id4_1_1_, druglocati0_.location as location2_1_1_, druglocati0_.quantity as quantity3_1_1_ from drug_location_details druglocati0_ where druglocati0_.drug_id=?
Hibernate: select druglocati0_.drug_id as drug_id4_1_0_, druglocati0_.serial_id as serial_i1_1_0_, druglocati0_.serial_id as serial_i1_1_1_, druglocati0_.drug_id as drug_id4_1_1_, druglocati0_.location as location2_1_1_, druglocati0_.quantity as quantity3_1_1_ from drug_location_details druglocati0_ where druglocati0_.drug_id=?
2021-04-20 04:34:18.685 TRACE 24352 --- [           main] o.h.type.descriptor.sql.BasicBinder      : binding parameter [1] as [VARCHAR] - [MO1]
2021-04-20 04:34:18.685 TRACE 24352 --- [           main] o.h.type.descriptor.sql.BasicExtractor   : extracted value ([serial_i1_1_1_] : [VARCHAR]) - [37]
2021-04-20 04:34:18.685 TRACE 24352 --- [           main] o.h.type.descriptor.sql.BasicExtractor   : extracted value ([drug_id4_1_1_] : [VARCHAR]) - [MO1]
2021-04-20 04:34:18.686 TRACE 24352 --- [           main] o.h.type.descriptor.sql.BasicExtractor   : extracted value ([location2_1_1_] : [VARCHAR]) - [Pune]
2021-04-20 04:34:18.687 TRACE 24352 --- [           main] o.h.type.descriptor.sql.BasicExtractor   : extracted value ([quantity3_1_1_] : [INTEGER]) - [100]
2021-04-20 04:34:18.688 TRACE 24352 --- [           main] o.h.type.descriptor.sql.BasicExtractor   : extracted value ([drug_id4_1_0_] : [VARCHAR]) - [MO1]
2021-04-20 04:34:18.690 TRACE 24352 --- [           main] o.h.type.descriptor.sql.BasicExtractor   : extracted value ([serial_i1_1_0_] : [VARCHAR]) - [37]
2021-04-20 04:34:18.690 TRACE 24352 --- [           main] o.h.type.descriptor.sql.BasicExtractor   : extracted value ([serial_i1_1_1_] : [VARCHAR]) - [38]
2021-04-20 04:34:18.694 TRACE 24352 --- [           main] o.h.type.descriptor.sql.BasicExtractor   : extracted value ([drug_id4_1_1_] : [VARCHAR]) - [MO1]
2021-04-20 04:34:18.776 TRACE 24352 --- [           main] o.h.type.descriptor.sql.BasicExtractor   : extracted value ([location2_1_1_] : [VARCHAR]) - [Bangalore]
2021-04-20 04:34:18.781 TRACE 24352 --- [           main] o.h.type.descriptor.sql.BasicExtractor   : extracted value ([quantity3_1_1_] : [INTEGER]) - [100]
2021-04-20 04:34:18.783 TRACE 24352 --- [           main] o.h.type.descriptor.sql.BasicExtractor   : extracted value ([drug_id4_1_0_] : [VARCHAR]) - [MO1]
2021-04-20 04:34:18.785 TRACE 24352 --- [           main] o.h.type.descriptor.sql.BasicExtractor   : extracted value ([serial_i1_1_0_] : [VARCHAR]) - [38]
2021-04-20 04:34:18.792 DEBUG 24352 --- [           main] org.hibernate.SQL                        : select druglocati0_.drug_id as drug_id4_1_0_, druglocati0_.serial_id as serial_i1_1_0_, druglocati0_.serial_id as serial_i1_1_1_, druglocati0_.drug_id as drug_id4_1_1_, druglocati0_.location as location2_1_1_, druglocati0_.quantity as quantity3_1_1_ from drug_location_details druglocati0_ where druglocati0_.drug_id=?
Hibernate: select druglocati0_.drug_id as drug_id4_1_0_, druglocati0_.serial_id as serial_i1_1_0_, druglocati0_.serial_id as serial_i1_1_1_, druglocati0_.drug_id as drug_id4_1_1_, druglocati0_.location as location2_1_1_, druglocati0_.quantity as quantity3_1_1_ from drug_location_details druglocati0_ where druglocati0_.drug_id=?
2021-04-20 04:34:18.799 TRACE 24352 --- [           main] o.h.type.descriptor.sql.BasicBinder      : binding parameter [1] as [VARCHAR] - [OM1]
2021-04-20 04:34:18.804 TRACE 24352 --- [           main] o.h.type.descriptor.sql.BasicExtractor   : extracted value ([serial_i1_1_1_] : [VARCHAR]) - [39]
2021-04-20 04:34:18.805 TRACE 24352 --- [           main] o.h.type.descriptor.sql.BasicExtractor   : extracted value ([drug_id4_1_1_] : [VARCHAR]) - [OM1]
2021-04-20 04:34:18.805 TRACE 24352 --- [           main] o.h.type.descriptor.sql.BasicExtractor   : extracted value ([location2_1_1_] : [VARCHAR]) - [Pune]
2021-04-20 04:34:18.805 TRACE 24352 --- [           main] o.h.type.descriptor.sql.BasicExtractor   : extracted value ([quantity3_1_1_] : [INTEGER]) - [100]
2021-04-20 04:34:18.805 TRACE 24352 --- [           main] o.h.type.descriptor.sql.BasicExtractor   : extracted value ([drug_id4_1_0_] : [VARCHAR]) - [OM1]
2021-04-20 04:34:18.806 TRACE 24352 --- [           main] o.h.type.descriptor.sql.BasicExtractor   : extracted value ([serial_i1_1_0_] : [VARCHAR]) - [39]
2021-04-20 04:34:18.807 TRACE 24352 --- [           main] o.h.type.descriptor.sql.BasicExtractor   : extracted value ([serial_i1_1_1_] : [VARCHAR]) - [40]
2021-04-20 04:34:18.808 TRACE 24352 --- [           main] o.h.type.descriptor.sql.BasicExtractor   : extracted value ([drug_id4_1_1_] : [VARCHAR]) - [OM1]
2021-04-20 04:34:18.810 TRACE 24352 --- [           main] o.h.type.descriptor.sql.BasicExtractor   : extracted value ([location2_1_1_] : [VARCHAR]) - [Bangalore]
2021-04-20 04:34:18.811 TRACE 24352 --- [           main] o.h.type.descriptor.sql.BasicExtractor   : extracted value ([quantity3_1_1_] : [INTEGER]) - [100]
2021-04-20 04:34:18.813 TRACE 24352 --- [           main] o.h.type.descriptor.sql.BasicExtractor   : extracted value ([drug_id4_1_0_] : [VARCHAR]) - [OM1]
2021-04-20 04:34:18.817 TRACE 24352 --- [           main] o.h.type.descriptor.sql.BasicExtractor   : extracted value ([serial_i1_1_0_] : [VARCHAR]) - [40]
2021-04-20 04:34:18.818 DEBUG 24352 --- [           main] org.hibernate.SQL                        : select druglocati0_.drug_id as drug_id4_1_0_, druglocati0_.serial_id as serial_i1_1_0_, druglocati0_.serial_id as serial_i1_1_1_, druglocati0_.drug_id as drug_id4_1_1_, druglocati0_.location as location2_1_1_, druglocati0_.quantity as quantity3_1_1_ from drug_location_details druglocati0_ where druglocati0_.drug_id=?
Hibernate: select druglocati0_.drug_id as drug_id4_1_0_, druglocati0_.serial_id as serial_i1_1_0_, druglocati0_.serial_id as serial_i1_1_1_, druglocati0_.drug_id as drug_id4_1_1_, druglocati0_.location as location2_1_1_, druglocati0_.quantity as quantity3_1_1_ from drug_location_details druglocati0_ where druglocati0_.drug_id=?
2021-04-20 04:34:18.820 TRACE 24352 --- [           main] o.h.type.descriptor.sql.BasicBinder      : binding parameter [1] as [VARCHAR] - [AM1]
2021-04-20 04:34:18.827 TRACE 24352 --- [           main] o.h.type.descriptor.sql.BasicExtractor   : extracted value ([serial_i1_1_1_] : [VARCHAR]) - [41]
2021-04-20 04:34:18.829 TRACE 24352 --- [           main] o.h.type.descriptor.sql.BasicExtractor   : extracted value ([drug_id4_1_1_] : [VARCHAR]) - [AM1]
2021-04-20 04:34:18.829 TRACE 24352 --- [           main] o.h.type.descriptor.sql.BasicExtractor   : extracted value ([location2_1_1_] : [VARCHAR]) - [Pune]
2021-04-20 04:34:18.829 TRACE 24352 --- [           main] o.h.type.descriptor.sql.BasicExtractor   : extracted value ([quantity3_1_1_] : [INTEGER]) - [100]
2021-04-20 04:34:18.832 TRACE 24352 --- [           main] o.h.type.descriptor.sql.BasicExtractor   : extracted value ([drug_id4_1_0_] : [VARCHAR]) - [AM1]
2021-04-20 04:34:18.833 TRACE 24352 --- [           main] o.h.type.descriptor.sql.BasicExtractor   : extracted value ([serial_i1_1_0_] : [VARCHAR]) - [41]
2021-04-20 04:34:18.834 TRACE 24352 --- [           main] o.h.type.descriptor.sql.BasicExtractor   : extracted value ([serial_i1_1_1_] : [VARCHAR]) - [42]
2021-04-20 04:34:18.834 TRACE 24352 --- [           main] o.h.type.descriptor.sql.BasicExtractor   : extracted value ([drug_id4_1_1_] : [VARCHAR]) - [AM1]
2021-04-20 04:34:18.835 TRACE 24352 --- [           main] o.h.type.descriptor.sql.BasicExtractor   : extracted value ([location2_1_1_] : [VARCHAR]) - [Bangalore]
2021-04-20 04:34:18.835 TRACE 24352 --- [           main] o.h.type.descriptor.sql.BasicExtractor   : extracted value ([quantity3_1_1_] : [INTEGER]) - [100]
2021-04-20 04:34:18.835 TRACE 24352 --- [           main] o.h.type.descriptor.sql.BasicExtractor   : extracted value ([drug_id4_1_0_] : [VARCHAR]) - [AM1]
2021-04-20 04:34:18.835 TRACE 24352 --- [           main] o.h.type.descriptor.sql.BasicExtractor   : extracted value ([serial_i1_1_0_] : [VARCHAR]) - [42]

MockHttpServletRequest:
      HTTP Method = GET
      Request URI = /api/getAllDrugs
       Parameters = {}
          Headers = [Authorization:"Bearer Token"]
             Body = null
    Session Attrs = {}

Handler:
             Type = com.mailorderpharma.drugservice.controller.DrugController
           Method = com.mailorderpharma.drugservice.controller.DrugController#getAllDrugs()

Async:
    Async started = false
     Async result = null

Resolved Exception:
             Type = null

ModelAndView:
        View name = null
             View = null
            Model = null

FlashMap:
       Attributes = null

MockHttpServletResponse:
           Status = 200
    Error message = null
          Headers = [Content-Type:"application/json"]
     Content type = application/json
             Body = [{"drugId":"PR1","drugName":"PARACETAMOL","manufacturer":"Cipla","manufactureDate":"2020-10-21T18:30:00.000+00:00","expiryDate":"2024-11-21T18:30:00.000+00:00","druglocationQuantities":[{"serialId":"1","location":"Chennai","quantity":100},{"serialId":"2","location":"Bangalore","quantity":100},{"serialId":"3","location":"Pune","quantity":100},{"serialId":"4","location":"Hyderabad","quantity":100}]},{"drugId":"CR2","drugName":"CROCIN","manufacturer":"Serum","manufactureDate":"2020-12-21T18:30:00.000+00:00","expiryDate":"2024-11-21T18:30:00.000+00:00","druglocationQuantities":[{"serialId":"5","location":"Chennai","quantity":100},{"serialId":"6","location":"Bangalore","quantity":100},{"serialId":"7","location":"Pune","quantity":100},{"serialId":"8","location":"Hyderabad","quantity":100}]},{"drugId":"PD3","drugName":"PENADOL","manufacturer":"Alkem health Science","manufactureDate":"2020-09-21T18:30:00.000+00:00","expiryDate":"2024-11-21T18:30:00.000+00:00","druglocationQuantities":[{"serialId":"9","location":"Chennai","quantity":100},{"serialId":"10","location":"Bangalore","quantity":100}]},{"drugId":"PD1","drugName":"PAN D","manufacturer":"Cipla","manufactureDate":"2020-08-20T18:30:00.000+00:00","expiryDate":"2023-10-11T18:30:00.000+00:00","druglocationQuantities":[{"serialId":"11","location":"Pune","quantity":100},{"serialId":"12","location":"Bangalore","quantity":100}]},{"drugId":"ED1","drugName":"ESC D","manufacturer":"Cipla","manufactureDate":"2020-08-20T18:30:00.000+00:00","expiryDate":"2023-10-11T18:30:00.000+00:00","druglocationQuantities":[{"serialId":"13","location":"Pune","quantity":100},{"serialId":"14","location":"Bangalore","quantity":100}]},{"drugId":"AS1","drugName":"ASPIRIN","manufacturer":"Cipla","manufactureDate":"2020-08-20T18:30:00.000+00:00","expiryDate":"2023-10-11T18:30:00.000+00:00","druglocationQuantities":[{"serialId":"15","location":"Pune","quantity":100},{"serialId":"16","location":"Bangalore","quantity":100}]},{"drugId":"DO1","drugName":"DOLO","manufacturer":"Cipla","manufactureDate":"2020-08-20T18:30:00.000+00:00","expiryDate":"2023-10-11T18:30:00.000+00:00","druglocationQuantities":[{"serialId":"43","location":"Pune","quantity":100},{"serialId":"44","location":"Bangalore","quantity":100}]},{"drugId":"EA1","drugName":"ECOSPRIN AV","manufacturer":"Cipla","manufactureDate":"2020-08-20T18:30:00.000+00:00","expiryDate":"2023-10-11T18:30:00.000+00:00","druglocationQuantities":[{"serialId":"17","location":"Pune","quantity":100},{"serialId":"18","location":"Bangalore","quantity":100}]},{"drugId":"CE1","drugName":"CELIN 500","manufacturer":"Cipla","manufactureDate":"2020-08-20T18:30:00.000+00:00","expiryDate":"2023-10-11T18:30:00.000+00:00","druglocationQuantities":[{"serialId":"19","location":"Pune","quantity":100},{"serialId":"20","location":"Bangalore","quantity":100}]},{"drugId":"SU1","drugName":"SUPRADYN","manufacturer":"Cipla","manufactureDate":"2020-08-20T18:30:00.000+00:00","expiryDate":"2023-10-11T18:30:00.000+00:00","druglocationQuantities":[{"serialId":"21","location":"Pune","quantity":100},{"serialId":"22","location":"Bangalore","quantity":100}]},{"drugId":"BE1","drugName":"BECADEXMIN","manufacturer":"Cipla","manufactureDate":"2020-08-20T18:30:00.000+00:00","expiryDate":"2023-10-11T18:30:00.000+00:00","druglocationQuantities":[{"serialId":"23","location":"Pune","quantity":100},{"serialId":"24","location":"Bangalore","quantity":100}]},{"drugId":"EV1","drugName":"EVION 400","manufacturer":"Cipla","manufactureDate":"2020-08-20T18:30:00.000+00:00","expiryDate":"2023-10-11T18:30:00.000+00:00","druglocationQuantities":[{"serialId":"25","location":"Pune","quantity":100},{"serialId":"26","location":"Bangalore","quantity":100}]},{"drugId":"LI1","drugName":"LIMCEE 500","manufacturer":"Cipla","manufactureDate":"2020-08-20T18:30:00.000+00:00","expiryDate":"2023-10-11T18:30:00.000+00:00","druglocationQuantities":[{"serialId":"27","location":"Pune","quantity":100},{"serialId":"28","location":"Bangalore","quantity":100}]},{"drugId":"TE1","drugName":"TELMA 500","manufacturer":"Cipla","manufactureDate":"2020-08-20T18:30:00.000+00:00","expiryDate":"2023-10-11T18:30:00.000+00:00","druglocationQuantities":[{"serialId":"29","location":"Pune","quantity":100},{"serialId":"30","location":"Bangalore","quantity":100}]},{"drugId":"BE2","drugName":"BECASULE","manufacturer":"Cipla","manufactureDate":"2020-08-20T18:30:00.000+00:00","expiryDate":"2023-10-11T18:30:00.000+00:00","druglocationQuantities":[{"serialId":"31","location":"Pune","quantity":100},{"serialId":"32","location":"Bangalore","quantity":100}]},{"drugId":"CO1","drugName":"CORONIL","manufacturer":"Cipla","manufactureDate":"2020-08-20T18:30:00.000+00:00","expiryDate":"2023-10-11T18:30:00.000+00:00","druglocationQuantities":[{"serialId":"33","location":"Pune","quantity":100},{"serialId":"34","location":"Bangalore","quantity":100}]},{"drugId":"NO1","drugName":"NORFLOX TZ","manufacturer":"Cipla","manufactureDate":"2020-08-20T18:30:00.000+00:00","expiryDate":"2023-10-11T18:30:00.000+00:00","druglocationQuantities":[{"serialId":"35","location":"Pune","quantity":100},{"serialId":"36","location":"Bangalore","quantity":100}]},{"drugId":"MO1","drugName":"MORPHINE","manufacturer":"Cipla","manufactureDate":"2020-08-20T18:30:00.000+00:00","expiryDate":"2023-10-11T18:30:00.000+00:00","druglocationQuantities":[{"serialId":"37","location":"Pune","quantity":100},{"serialId":"38","location":"Bangalore","quantity":100}]},{"drugId":"OM1","drugName":"OMNI","manufacturer":"Cipla","manufactureDate":"2020-08-20T18:30:00.000+00:00","expiryDate":"2023-10-11T18:30:00.000+00:00","druglocationQuantities":[{"serialId":"39","location":"Pune","quantity":100},{"serialId":"40","location":"Bangalore","quantity":100}]},{"drugId":"AM1","drugName":"AMLOGARD","manufacturer":"Cipla","manufactureDate":"2020-08-20T18:30:00.000+00:00","expiryDate":"2023-10-11T18:30:00.000+00:00","druglocationQuantities":[{"serialId":"41","location":"Pune","quantity":100},{"serialId":"42","location":"Bangalore","quantity":100}]}]
    Forwarded URL = null
   Redirected URL = null
          Cookies = []
]]></system-out>
  </testcase>
</testsuite>